<?xml version="1.0" encoding="UTF-8"?>
<coverage generated="1535478430322" clover="3.2.0">
  <project timestamp="1535478430322" name="All files">
    <metrics statements="226" coveredstatements="125" conditionals="103" coveredconditionals="36" methods="65" coveredmethods="39" elements="394" coveredelements="200" complexity="0" loc="226" ncloc="226" packages="2" files="14" classes="14">
      <package name="spec">
        <metrics statements="1" coveredstatements="1" conditionals="0" coveredconditionals="0" methods="0" coveredmethods="0"/>
        <file name="setup.js" path="/Users/justuskovats-wildenradt/hack-reactor/fec/airfec-reviews-justus/client/spec/setup.js">
          <metrics statements="1" coveredstatements="1" conditionals="0" coveredconditionals="0" methods="0" coveredmethods="0"/>
          <line num="4" count="9" type="stmt"/>
        </file>
      </package>
      <package name="src.components">
        <metrics statements="225" coveredstatements="124" conditionals="103" coveredconditionals="36" methods="65" coveredmethods="39"/>
        <file name="app.jsx" path="/Users/justuskovats-wildenradt/hack-reactor/fec/airfec-reviews-justus/client/src/components/app.jsx">
          <metrics statements="67" coveredstatements="20" conditionals="17" coveredconditionals="1" methods="27" coveredmethods="8"/>
          <line num="13" count="0" type="stmt"/>
          <line num="14" count="0" type="stmt"/>
          <line num="15" count="0" type="stmt"/>
          <line num="16" count="0" type="cond" truecount="0" falsecount="3"/>
          <line num="21" count="0" type="stmt"/>
          <line num="22" count="0" type="stmt"/>
          <line num="23" count="0" type="stmt"/>
          <line num="24" count="0" type="cond" truecount="0" falsecount="2"/>
          <line num="25" count="0" type="stmt"/>
          <line num="26" count="0" type="cond" truecount="0" falsecount="4"/>
          <line num="27" count="0" type="stmt"/>
          <line num="29" count="0" type="stmt"/>
          <line num="31" count="0" type="stmt"/>
          <line num="33" count="0" type="stmt"/>
          <line num="37" count="0" type="stmt"/>
          <line num="41" count="0" type="cond" truecount="0" falsecount="2"/>
          <line num="42" count="0" type="stmt"/>
          <line num="44" count="0" type="stmt"/>
          <line num="51" count="8" type="stmt"/>
          <line num="52" count="8" type="stmt"/>
          <line num="62" count="8" type="stmt"/>
          <line num="63" count="8" type="stmt"/>
          <line num="64" count="8" type="stmt"/>
          <line num="65" count="8" type="stmt"/>
          <line num="66" count="8" type="stmt"/>
          <line num="67" count="8" type="stmt"/>
          <line num="68" count="8" type="stmt"/>
          <line num="69" count="8" type="stmt"/>
          <line num="73" count="8" type="stmt"/>
          <line num="77" count="8" type="stmt"/>
          <line num="79" count="0" type="stmt"/>
          <line num="81" count="8" type="stmt"/>
          <line num="85" count="2" type="stmt"/>
          <line num="86" count="1" type="stmt"/>
          <line num="87" count="1" type="stmt"/>
          <line num="91" count="8" type="stmt"/>
          <line num="92" count="8" type="stmt"/>
          <line num="96" count="0" type="stmt"/>
          <line num="104" count="0" type="stmt"/>
          <line num="105" count="0" type="stmt"/>
          <line num="106" count="0" type="stmt"/>
          <line num="109" count="0" type="stmt"/>
          <line num="114" count="0" type="stmt"/>
          <line num="120" count="0" type="cond" truecount="0" falsecount="2"/>
          <line num="121" count="0" type="stmt"/>
          <line num="122" count="0" type="stmt"/>
          <line num="131" count="0" type="stmt"/>
          <line num="137" count="0" type="stmt"/>
          <line num="138" count="0" type="stmt"/>
          <line num="139" count="0" type="stmt"/>
          <line num="140" count="0" type="stmt"/>
          <line num="141" count="0" type="stmt"/>
          <line num="142" count="0" type="stmt"/>
          <line num="143" count="0" type="cond" truecount="0" falsecount="2"/>
          <line num="144" count="0" type="stmt"/>
          <line num="146" count="0" type="stmt"/>
          <line num="148" count="0" type="stmt"/>
          <line num="149" count="0" type="stmt"/>
          <line num="150" count="0" type="stmt"/>
          <line num="151" count="0" type="stmt"/>
          <line num="153" count="0" type="stmt"/>
          <line num="159" count="0" type="stmt"/>
          <line num="167" count="0" type="stmt"/>
          <line num="173" count="0" type="stmt"/>
          <line num="179" count="0" type="stmt"/>
          <line num="185" count="8" type="cond" truecount="1" falsecount="1"/>
          <line num="197" count="8" type="stmt"/>
        </file>
        <file name="backToAllReviews.jsx" path="/Users/justuskovats-wildenradt/hack-reactor/fec/airfec-reviews-justus/client/src/components/backToAllReviews.jsx">
          <metrics statements="3" coveredstatements="3" conditionals="0" coveredconditionals="0" methods="1" coveredmethods="1"/>
          <line num="5" count="2" type="stmt"/>
          <line num="6" count="1" type="stmt"/>
          <line num="27" count="2" type="stmt"/>
        </file>
        <file name="hostResponse.jsx" path="/Users/justuskovats-wildenradt/hack-reactor/fec/airfec-reviews-justus/client/src/components/hostResponse.jsx">
          <metrics statements="4" coveredstatements="4" conditionals="2" coveredconditionals="1" methods="1" coveredmethods="1"/>
          <line num="7" count="3" type="stmt"/>
          <line num="14" count="1" type="cond" truecount="1" falsecount="1"/>
          <line num="15" count="1" type="stmt"/>
          <line num="43" count="3" type="stmt"/>
        </file>
        <file name="pages.jsx" path="/Users/justuskovats-wildenradt/hack-reactor/fec/airfec-reviews-justus/client/src/components/pages.jsx">
          <metrics statements="58" coveredstatements="33" conditionals="48" coveredconditionals="16" methods="11" coveredmethods="10"/>
          <line num="8" count="0" type="cond" truecount="0" falsecount="2"/>
          <line num="9" count="0" type="stmt"/>
          <line num="15" count="1" type="stmt"/>
          <line num="16" count="1" type="cond" truecount="1" falsecount="1"/>
          <line num="17" count="0" type="stmt"/>
          <line num="19" count="1" type="stmt"/>
          <line num="31" count="1" type="stmt"/>
          <line num="32" count="1" type="cond" truecount="1" falsecount="1"/>
          <line num="33" count="0" type="stmt"/>
          <line num="35" count="1" type="stmt"/>
          <line num="47" count="1" type="cond" truecount="1" falsecount="1"/>
          <line num="48" count="1" type="stmt"/>
          <line num="56" count="0" type="stmt"/>
          <line num="60" count="1" type="cond" truecount="1" falsecount="1"/>
          <line num="61" count="1" type="stmt"/>
          <line num="69" count="0" type="stmt"/>
          <line num="73" count="1" type="stmt"/>
          <line num="74" count="1" type="stmt"/>
          <line num="75" count="1" type="cond" truecount="1" falsecount="1"/>
          <line num="76" count="1" type="stmt"/>
          <line num="78" count="1" type="cond" truecount="1" falsecount="1"/>
          <line num="79" count="1" type="stmt"/>
          <line num="80" count="2" type="stmt"/>
          <line num="81" count="2" type="cond" truecount="2" falsecount="0"/>
          <line num="82" count="1" type="stmt"/>
          <line num="84" count="2" type="stmt"/>
          <line num="86" count="1" type="stmt"/>
          <line num="90" count="1" type="cond" truecount="3" falsecount="1"/>
          <line num="91" count="1" type="stmt"/>
          <line num="93" count="0" type="stmt"/>
          <line num="96" count="1" type="cond" truecount="2" falsecount="2"/>
          <line num="97" count="0" type="stmt"/>
          <line num="99" count="1" type="stmt"/>
          <line num="103" count="1" type="stmt"/>
          <line num="104" count="1" type="cond" truecount="1" falsecount="1"/>
          <line num="105" count="0" type="stmt"/>
          <line num="106" count="1" type="cond" truecount="1" falsecount="1"/>
          <line num="107" count="1" type="stmt"/>
          <line num="108" count="0" type="cond" truecount="0" falsecount="2"/>
          <line num="109" count="0" type="stmt"/>
          <line num="110" count="0" type="cond" truecount="0" falsecount="2"/>
          <line num="111" count="0" type="stmt"/>
          <line num="112" count="0" type="cond" truecount="0" falsecount="4"/>
          <line num="113" count="0" type="stmt"/>
          <line num="114" count="0" type="cond" truecount="0" falsecount="2"/>
          <line num="115" count="0" type="stmt"/>
          <line num="116" count="0" type="cond" truecount="0" falsecount="2"/>
          <line num="117" count="0" type="stmt"/>
          <line num="118" count="0" type="cond" truecount="0" falsecount="4"/>
          <line num="119" count="0" type="stmt"/>
          <line num="120" count="0" type="cond" truecount="0" falsecount="2"/>
          <line num="121" count="0" type="stmt"/>
          <line num="123" count="0" type="stmt"/>
          <line num="127" count="1" type="cond" truecount="1" falsecount="1"/>
          <line num="128" count="1" type="stmt"/>
          <line num="135" count="2" type="stmt"/>
          <line num="144" count="0" type="stmt"/>
          <line num="148" count="2" type="stmt"/>
        </file>
        <file name="rating.jsx" path="/Users/justuskovats-wildenradt/hack-reactor/fec/airfec-reviews-justus/client/src/components/rating.jsx">
          <metrics statements="4" coveredstatements="4" conditionals="0" coveredconditionals="0" methods="2" coveredmethods="2"/>
          <line num="5" count="3" type="stmt"/>
          <line num="6" count="8" type="stmt"/>
          <line num="10" count="38" type="stmt"/>
          <line num="17" count="3" type="stmt"/>
        </file>
        <file name="ratingsList.jsx" path="/Users/justuskovats-wildenradt/hack-reactor/fec/airfec-reviews-justus/client/src/components/ratingsList.jsx">
          <metrics statements="7" coveredstatements="7" conditionals="0" coveredconditionals="0" methods="3" coveredmethods="3"/>
          <line num="6" count="2" type="stmt"/>
          <line num="7" count="1" type="stmt"/>
          <line num="12" count="1" type="stmt"/>
          <line num="17" count="1" type="stmt"/>
          <line num="22" count="3" type="stmt"/>
          <line num="31" count="3" type="stmt"/>
          <line num="43" count="2" type="stmt"/>
        </file>
        <file name="report.jsx" path="/Users/justuskovats-wildenradt/hack-reactor/fec/airfec-reviews-justus/client/src/components/report.jsx">
          <metrics statements="6" coveredstatements="6" conditionals="6" coveredconditionals="3" methods="1" coveredmethods="1"/>
          <line num="6" count="3" type="stmt"/>
          <line num="14" count="1" type="cond" truecount="1" falsecount="1"/>
          <line num="15" count="1" type="cond" truecount="1" falsecount="1"/>
          <line num="16" count="1" type="cond" truecount="1" falsecount="1"/>
          <line num="17" count="1" type="stmt"/>
          <line num="86" count="3" type="stmt"/>
        </file>
        <file name="reportThankyou.jsx" path="/Users/justuskovats-wildenradt/hack-reactor/fec/airfec-reviews-justus/client/src/components/reportThankyou.jsx">
          <metrics statements="3" coveredstatements="3" conditionals="0" coveredconditionals="0" methods="1" coveredmethods="1"/>
          <line num="6" count="3" type="stmt"/>
          <line num="10" count="1" type="stmt"/>
          <line num="31" count="3" type="stmt"/>
        </file>
        <file name="review.jsx" path="/Users/justuskovats-wildenradt/hack-reactor/fec/airfec-reviews-justus/client/src/components/review.jsx">
          <metrics statements="58" coveredstatements="29" conditionals="24" coveredconditionals="10" methods="13" coveredmethods="7"/>
          <line num="12" count="11" type="cond" truecount="1" falsecount="1"/>
          <line num="13" count="0" type="stmt"/>
          <line num="14" count="0" type="stmt"/>
          <line num="15" count="0" type="stmt"/>
          <line num="16" count="0" type="stmt"/>
          <line num="17" count="0" type="cond" truecount="0" falsecount="2"/>
          <line num="18" count="0" type="stmt"/>
          <line num="19" count="0" type="stmt"/>
          <line num="20" count="0" type="stmt"/>
          <line num="21" count="0" type="stmt"/>
          <line num="22" count="0" type="cond" truecount="0" falsecount="2"/>
          <line num="23" count="0" type="stmt"/>
          <line num="24" count="0" type="stmt"/>
          <line num="25" count="0" type="stmt"/>
          <line num="28" count="0" type="stmt"/>
          <line num="29" count="0" type="cond" truecount="0" falsecount="2"/>
          <line num="30" count="0" type="stmt"/>
          <line num="33" count="0" type="cond" truecount="0" falsecount="2"/>
          <line num="34" count="0" type="stmt"/>
          <line num="36" count="0" type="stmt"/>
          <line num="38" count="11" type="cond" truecount="2" falsecount="0"/>
          <line num="39" count="7" type="stmt"/>
          <line num="41" count="4" type="stmt"/>
          <line num="45" count="4" type="stmt"/>
          <line num="46" count="4" type="stmt"/>
          <line num="53" count="4" type="stmt"/>
          <line num="54" count="4" type="stmt"/>
          <line num="55" count="4" type="stmt"/>
          <line num="56" count="4" type="stmt"/>
          <line num="57" count="4" type="stmt"/>
          <line num="58" count="4" type="stmt"/>
          <line num="59" count="4" type="stmt"/>
          <line num="62" count="4" type="stmt"/>
          <line num="66" count="0" type="stmt"/>
          <line num="70" count="3" type="stmt"/>
          <line num="74" count="1" type="stmt"/>
          <line num="78" count="1" type="stmt"/>
          <line num="82" count="0" type="stmt"/>
          <line num="88" count="0" type="stmt"/>
          <line num="92" count="1" type="stmt"/>
          <line num="95" count="1" type="stmt"/>
          <line num="99" count="0" type="cond" truecount="0" falsecount="4"/>
          <line num="100" count="0" type="stmt"/>
          <line num="101" count="0" type="stmt"/>
          <line num="103" count="0" type="stmt"/>
          <line num="107" count="0" type="stmt"/>
          <line num="111" count="0" type="stmt"/>
          <line num="115" count="0" type="stmt"/>
          <line num="123" count="6" type="stmt"/>
          <line num="125" count="6" type="stmt"/>
          <line num="139" count="6" type="stmt"/>
          <line num="140" count="6" type="stmt"/>
          <line num="142" count="6" type="cond" truecount="2" falsecount="0"/>
          <line num="152" count="6" type="cond" truecount="1" falsecount="1"/>
          <line num="156" count="6" type="cond" truecount="2" falsecount="0"/>
          <line num="167" count="6" type="cond" truecount="2" falsecount="0"/>
          <line num="174" count="6" type="stmt"/>
          <line num="218" count="3" type="stmt"/>
        </file>
        <file name="reviewList.jsx" path="/Users/justuskovats-wildenradt/hack-reactor/fec/airfec-reviews-justus/client/src/components/reviewList.jsx">
          <metrics statements="4" coveredstatements="4" conditionals="0" coveredconditionals="0" methods="2" coveredmethods="2"/>
          <line num="5" count="2" type="stmt"/>
          <line num="6" count="1" type="stmt"/>
          <line num="8" count="2" type="stmt"/>
          <line num="15" count="2" type="stmt"/>
        </file>
        <file name="reviewText.jsx" path="/Users/justuskovats-wildenradt/hack-reactor/fec/airfec-reviews-justus/client/src/components/reviewText.jsx">
          <metrics statements="5" coveredstatements="5" conditionals="4" coveredconditionals="4" methods="1" coveredmethods="1"/>
          <line num="5" count="3" type="stmt"/>
          <line num="11" count="7" type="cond" truecount="4" falsecount="0"/>
          <line num="12" count="3" type="stmt"/>
          <line num="18" count="4" type="stmt"/>
          <line num="25" count="3" type="stmt"/>
        </file>
        <file name="search.jsx" path="/Users/justuskovats-wildenradt/hack-reactor/fec/airfec-reviews-justus/client/src/components/search.jsx">
          <metrics statements="5" coveredstatements="5" conditionals="2" coveredconditionals="1" methods="2" coveredmethods="2"/>
          <line num="6" count="2" type="stmt"/>
          <line num="15" count="1" type="cond" truecount="1" falsecount="1"/>
          <line num="19" count="1" type="stmt"/>
          <line num="26" count="5" type="stmt"/>
          <line num="56" count="2" type="stmt"/>
        </file>
        <file name="svg.jsx" path="/Users/justuskovats-wildenradt/hack-reactor/fec/airfec-reviews-justus/client/src/components/svg.jsx">
          <metrics statements="1" coveredstatements="1" conditionals="0" coveredconditionals="0" methods="0" coveredmethods="0"/>
          <line num="4" count="5" type="stmt"/>
        </file>
      </package>
    </metrics>
  </project>
</coverage>
