<?xml version="1.0" encoding="UTF-8"?>
<coverage generated="1528158031222" clover="3.2.0">
  <project timestamp="1528158031222" name="All files">
    <metrics statements="75" coveredstatements="25" conditionals="11" coveredconditionals="0" methods="28" coveredmethods="8" elements="114" coveredelements="33" complexity="0" loc="75" ncloc="75" packages="2" files="10" classes="10">
      <package name="spec">
        <metrics statements="1" coveredstatements="1" conditionals="0" coveredconditionals="0" methods="0" coveredmethods="0"/>
        <file name="setup.js" path="/Users/justuskovats-wildenradt/hack-reactor/fec/airfec-reviews-justus/client/spec/setup.js">
          <metrics statements="1" coveredstatements="1" conditionals="0" coveredconditionals="0" methods="0" coveredmethods="0"/>
          <line num="4" count="3" type="stmt"/>
        </file>
      </package>
      <package name="src.components">
        <metrics statements="74" coveredstatements="24" conditionals="11" coveredconditionals="0" methods="28" coveredmethods="8"/>
        <file name="app.jsx" path="/Users/justuskovats-wildenradt/hack-reactor/fec/airfec-reviews-justus/client/src/components/app.jsx">
          <metrics statements="38" coveredstatements="8" conditionals="7" coveredconditionals="0" methods="15" coveredmethods="5"/>
          <line num="9" count="5" type="stmt"/>
          <line num="10" count="5" type="stmt"/>
          <line num="17" count="5" type="stmt"/>
          <line num="18" count="5" type="stmt"/>
          <line num="22" count="5" type="stmt"/>
          <line num="26" count="5" type="stmt"/>
          <line num="32" count="0" type="stmt"/>
          <line num="34" count="5" type="stmt"/>
          <line num="38" count="0" type="stmt"/>
          <line num="39" count="0" type="stmt"/>
          <line num="40" count="0" type="stmt"/>
          <line num="42" count="0" type="stmt"/>
          <line num="43" count="0" type="stmt"/>
          <line num="47" count="0" type="stmt"/>
          <line num="48" count="0" type="stmt"/>
          <line num="49" count="0" type="stmt"/>
          <line num="50" count="0" type="cond" truecount="0" falsecount="3"/>
          <line num="55" count="0" type="stmt"/>
          <line num="56" count="0" type="stmt"/>
          <line num="57" count="0" type="stmt"/>
          <line num="58" count="0" type="stmt"/>
          <line num="59" count="0" type="stmt"/>
          <line num="60" count="0" type="stmt"/>
          <line num="61" count="0" type="stmt"/>
          <line num="62" count="0" type="stmt"/>
          <line num="63" count="0" type="stmt"/>
          <line num="72" count="0" type="stmt"/>
          <line num="78" count="0" type="cond" truecount="0" falsecount="2"/>
          <line num="79" count="0" type="stmt"/>
          <line num="84" count="0" type="stmt"/>
          <line num="85" count="0" type="stmt"/>
          <line num="86" count="0" type="stmt"/>
          <line num="87" count="0" type="stmt"/>
          <line num="88" count="0" type="cond" truecount="0" falsecount="2"/>
          <line num="89" count="0" type="stmt"/>
          <line num="91" count="0" type="stmt"/>
          <line num="93" count="0" type="stmt"/>
          <line num="99" count="5" type="stmt"/>
        </file>
        <file name="hostResponse.jsx" path="/Users/justuskovats-wildenradt/hack-reactor/fec/airfec-reviews-justus/client/src/components/hostResponse.jsx">
          <metrics statements="3" coveredstatements="2" conditionals="0" coveredconditionals="0" methods="1" coveredmethods="0"/>
          <line num="5" count="2" type="stmt"/>
          <line num="6" count="0" type="stmt"/>
          <line num="16" count="2" type="stmt"/>
        </file>
        <file name="ratings.jsx" path="/Users/justuskovats-wildenradt/hack-reactor/fec/airfec-reviews-justus/client/src/components/ratings.jsx">
          <metrics statements="3" coveredstatements="3" conditionals="0" coveredconditionals="0" methods="1" coveredmethods="1"/>
          <line num="5" count="2" type="stmt"/>
          <line num="6" count="1" type="stmt"/>
          <line num="58" count="2" type="stmt"/>
        </file>
        <file name="report.jsx" path="/Users/justuskovats-wildenradt/hack-reactor/fec/airfec-reviews-justus/client/src/components/report.jsx">
          <metrics statements="3" coveredstatements="1" conditionals="0" coveredconditionals="0" methods="2" coveredmethods="0"/>
          <line num="5" count="2" type="stmt"/>
          <line num="6" count="0" type="stmt"/>
          <line num="9" count="0" type="stmt"/>
        </file>
        <file name="reportThankyou.jsx" path="/Users/justuskovats-wildenradt/hack-reactor/fec/airfec-reviews-justus/client/src/components/reportThankyou.jsx">
          <metrics statements="3" coveredstatements="1" conditionals="0" coveredconditionals="0" methods="2" coveredmethods="0"/>
          <line num="4" count="2" type="stmt"/>
          <line num="5" count="0" type="stmt"/>
          <line num="8" count="0" type="stmt"/>
        </file>
        <file name="review.jsx" path="/Users/justuskovats-wildenradt/hack-reactor/fec/airfec-reviews-justus/client/src/components/review.jsx">
          <metrics statements="7" coveredstatements="1" conditionals="2" coveredconditionals="0" methods="1" coveredmethods="0"/>
          <line num="9" count="0" type="stmt"/>
          <line num="25" count="0" type="stmt"/>
          <line num="27" count="0" type="stmt"/>
          <line num="28" count="0" type="stmt"/>
          <line num="29" count="0" type="cond" truecount="0" falsecount="2"/>
          <line num="31" count="0" type="stmt"/>
          <line num="49" count="2" type="stmt"/>
        </file>
        <file name="reviewList.jsx" path="/Users/justuskovats-wildenradt/hack-reactor/fec/airfec-reviews-justus/client/src/components/reviewList.jsx">
          <metrics statements="4" coveredstatements="4" conditionals="0" coveredconditionals="0" methods="2" coveredmethods="2"/>
          <line num="5" count="2" type="stmt"/>
          <line num="6" count="2" type="stmt"/>
          <line num="8" count="3" type="stmt"/>
          <line num="12" count="2" type="stmt"/>
        </file>
        <file name="reviewText.jsx" path="/Users/justuskovats-wildenradt/hack-reactor/fec/airfec-reviews-justus/client/src/components/reviewText.jsx">
          <metrics statements="9" coveredstatements="1" conditionals="2" coveredconditionals="0" methods="3" coveredmethods="0"/>
          <line num="6" count="0" type="stmt"/>
          <line num="7" count="0" type="stmt"/>
          <line num="11" count="0" type="stmt"/>
          <line num="15" count="0" type="stmt"/>
          <line num="16" count="0" type="stmt"/>
          <line num="22" count="0" type="cond" truecount="0" falsecount="2"/>
          <line num="23" count="0" type="stmt"/>
          <line num="27" count="0" type="stmt"/>
          <line num="33" count="2" type="stmt"/>
        </file>
        <file name="search.jsx" path="/Users/justuskovats-wildenradt/hack-reactor/fec/airfec-reviews-justus/client/src/components/search.jsx">
          <metrics statements="4" coveredstatements="3" conditionals="0" coveredconditionals="0" methods="1" coveredmethods="0"/>
          <line num="5" count="1" type="stmt"/>
          <line num="6" count="0" type="stmt"/>
          <line num="28" count="1" type="stmt"/>
          <line num="35" count="1" type="stmt"/>
        </file>
      </package>
    </metrics>
  </project>
</coverage>
