{"/Users/justuskovats-wildenradt/hack-reactor/fec/airfec-reviews-justus/client/spec/setup.js": {"path":"/Users/justuskovats-wildenradt/hack-reactor/fec/airfec-reviews-justus/client/spec/setup.js","statementMap":{"0":{"start":{"line":4,"column":0},"end":{"line":4,"column":45}}},"fnMap":{},"branchMap":{},"s":{"0":9},"f":{},"b":{},"_coverageSchema":"332fd63041d2c1bcb487cc26dd0d5f7d97098a6c","hash":"dd4a3ffb78f5f86198dc5101c5e35258e0385750"}
,"/Users/justuskovats-wildenradt/hack-reactor/fec/airfec-reviews-justus/client/src/components/app.jsx": {"path":"/Users/justuskovats-wildenradt/hack-reactor/fec/airfec-reviews-justus/client/src/components/app.jsx","statementMap":{"0":{"start":{"line":13,"column":4},"end":{"line":17,"column":7}},"1":{"start":{"line":14,"column":17},"end":{"line":14,"column":41}},"2":{"start":{"line":15,"column":17},"end":{"line":15,"column":41}},"3":{"start":{"line":16,"column":6},"end":{"line":16,"column":61}},"4":{"start":{"line":21,"column":21},"end":{"line":21,"column":27}},"5":{"start":{"line":22,"column":18},"end":{"line":22,"column":20}},"6":{"start":{"line":23,"column":4},"end":{"line":32,"column":5}},"7":{"start":{"line":24,"column":6},"end":{"line":30,"column":7}},"8":{"start":{"line":25,"column":8},"end":{"line":25,"column":58}},"9":{"start":{"line":26,"column":13},"end":{"line":30,"column":7}},"10":{"start":{"line":27,"column":8},"end":{"line":27,"column":62}},"11":{"start":{"line":29,"column":8},"end":{"line":29,"column":63}},"12":{"start":{"line":31,"column":6},"end":{"line":31,"column":22}},"13":{"start":{"line":33,"column":4},"end":{"line":33,"column":17}},"14":{"start":{"line":37,"column":4},"end":{"line":47,"column":15}},"15":{"start":{"line":41,"column":12},"end":{"line":43,"column":13}},"16":{"start":{"line":42,"column":14},"end":{"line":42,"column":31}},"17":{"start":{"line":44,"column":12},"end":{"line":44,"column":114}},"18":{"start":{"line":51,"column":4},"end":{"line":51,"column":17}},"19":{"start":{"line":52,"column":4},"end":{"line":61,"column":6}},"20":{"start":{"line":62,"column":4},"end":{"line":62,"column":73}},"21":{"start":{"line":63,"column":4},"end":{"line":63,"column":57}},"22":{"start":{"line":64,"column":4},"end":{"line":64,"column":83}},"23":{"start":{"line":65,"column":4},"end":{"line":65,"column":59}},"24":{"start":{"line":66,"column":4},"end":{"line":66,"column":59}},"25":{"start":{"line":67,"column":4},"end":{"line":67,"column":59}},"26":{"start":{"line":68,"column":4},"end":{"line":68,"column":57}},"27":{"start":{"line":69,"column":4},"end":{"line":69,"column":63}},"28":{"start":{"line":73,"column":4},"end":{"line":73,"column":65}},"29":{"start":{"line":77,"column":4},"end":{"line":81,"column":71}},"30":{"start":{"line":79,"column":8},"end":{"line":79,"column":32}},"31":{"start":{"line":81,"column":22},"end":{"line":81,"column":69}},"32":{"start":{"line":85,"column":16},"end":{"line":85,"column":86}},"33":{"start":{"line":85,"column":57},"end":{"line":85,"column":81}},"34":{"start":{"line":86,"column":20},"end":{"line":86,"column":46}},"35":{"start":{"line":87,"column":4},"end":{"line":87,"column":39}},"36":{"start":{"line":91,"column":16},"end":{"line":91,"column":81}},"37":{"start":{"line":91,"column":62},"end":{"line":91,"column":76}},"38":{"start":{"line":92,"column":4},"end":{"line":92,"column":65}},"39":{"start":{"line":96,"column":20},"end":{"line":103,"column":5}},"40":{"start":{"line":104,"column":4},"end":{"line":104,"column":27}},"41":{"start":{"line":105,"column":4},"end":{"line":105,"column":21}},"42":{"start":{"line":106,"column":4},"end":{"line":110,"column":7}},"43":{"start":{"line":109,"column":37},"end":{"line":109,"column":71}},"44":{"start":{"line":114,"column":4},"end":{"line":116,"column":7}},"45":{"start":{"line":120,"column":4},"end":{"line":127,"column":5}},"46":{"start":{"line":121,"column":6},"end":{"line":121,"column":48}},"47":{"start":{"line":122,"column":6},"end":{"line":126,"column":9}},"48":{"start":{"line":131,"column":4},"end":{"line":133,"column":7}},"49":{"start":{"line":137,"column":21},"end":{"line":137,"column":73}},"50":{"start":{"line":138,"column":18},"end":{"line":138,"column":53}},"51":{"start":{"line":139,"column":28},"end":{"line":152,"column":6}},"52":{"start":{"line":140,"column":29},"end":{"line":140,"column":63}},"53":{"start":{"line":141,"column":6},"end":{"line":141,"column":68}},"54":{"start":{"line":142,"column":6},"end":{"line":142,"column":64}},"55":{"start":{"line":143,"column":6},"end":{"line":145,"column":7}},"56":{"start":{"line":144,"column":8},"end":{"line":144,"column":56}},"57":{"start":{"line":146,"column":6},"end":{"line":146,"column":56}},"58":{"start":{"line":148,"column":29},"end":{"line":148,"column":35}},"59":{"start":{"line":149,"column":6},"end":{"line":149,"column":82}},"60":{"start":{"line":150,"column":6},"end":{"line":150,"column":78}},"61":{"start":{"line":151,"column":6},"end":{"line":151,"column":20}},"62":{"start":{"line":153,"column":4},"end":{"line":155,"column":7}},"63":{"start":{"line":159,"column":4},"end":{"line":163,"column":7}},"64":{"start":{"line":167,"column":4},"end":{"line":169,"column":7}},"65":{"start":{"line":173,"column":4},"end":{"line":175,"column":7}},"66":{"start":{"line":179,"column":4},"end":{"line":181,"column":7}},"67":{"start":{"line":185,"column":28},"end":{"line":196,"column":9}},"68":{"start":{"line":197,"column":4},"end":{"line":226,"column":6}}},"fnMap":{"0":{"name":"(anonymous_0)","decl":{"start":{"line":12,"column":2},"end":{"line":12,"column":3}},"loc":{"start":{"line":12,"column":31},"end":{"line":18,"column":3}},"line":12},"1":{"name":"(anonymous_1)","decl":{"start":{"line":13,"column":24},"end":{"line":13,"column":25}},"loc":{"start":{"line":13,"column":34},"end":{"line":17,"column":5}},"line":13},"2":{"name":"(anonymous_2)","decl":{"start":{"line":20,"column":2},"end":{"line":20,"column":3}},"loc":{"start":{"line":20,"column":41},"end":{"line":34,"column":3}},"line":20},"3":{"name":"(anonymous_3)","decl":{"start":{"line":36,"column":2},"end":{"line":36,"column":3}},"loc":{"start":{"line":36,"column":37},"end":{"line":48,"column":3}},"line":36},"4":{"name":"(anonymous_4)","decl":{"start":{"line":40,"column":18},"end":{"line":40,"column":19}},"loc":{"start":{"line":40,"column":40},"end":{"line":45,"column":11}},"line":40},"5":{"name":"(anonymous_5)","decl":{"start":{"line":50,"column":2},"end":{"line":50,"column":3}},"loc":{"start":{"line":50,"column":21},"end":{"line":70,"column":3}},"line":50},"6":{"name":"(anonymous_6)","decl":{"start":{"line":72,"column":2},"end":{"line":72,"column":3}},"loc":{"start":{"line":72,"column":22},"end":{"line":74,"column":3}},"line":72},"7":{"name":"(anonymous_7)","decl":{"start":{"line":76,"column":2},"end":{"line":76,"column":3}},"loc":{"start":{"line":76,"column":26},"end":{"line":82,"column":3}},"line":76},"8":{"name":"(anonymous_8)","decl":{"start":{"line":78,"column":12},"end":{"line":78,"column":13}},"loc":{"start":{"line":78,"column":26},"end":{"line":80,"column":7}},"line":78},"9":{"name":"(anonymous_9)","decl":{"start":{"line":81,"column":13},"end":{"line":81,"column":14}},"loc":{"start":{"line":81,"column":22},"end":{"line":81,"column":69}},"line":81},"10":{"name":"(anonymous_10)","decl":{"start":{"line":84,"column":2},"end":{"line":84,"column":3}},"loc":{"start":{"line":84,"column":51},"end":{"line":88,"column":3}},"line":84},"11":{"name":"(anonymous_11)","decl":{"start":{"line":85,"column":38},"end":{"line":85,"column":39}},"loc":{"start":{"line":85,"column":57},"end":{"line":85,"column":81}},"line":85},"12":{"name":"(anonymous_12)","decl":{"start":{"line":90,"column":2},"end":{"line":90,"column":3}},"loc":{"start":{"line":90,"column":19},"end":{"line":93,"column":3}},"line":90},"13":{"name":"(anonymous_13)","decl":{"start":{"line":91,"column":43},"end":{"line":91,"column":44}},"loc":{"start":{"line":91,"column":62},"end":{"line":91,"column":76}},"line":91},"14":{"name":"(anonymous_14)","decl":{"start":{"line":95,"column":2},"end":{"line":95,"column":3}},"loc":{"start":{"line":95,"column":33},"end":{"line":111,"column":3}},"line":95},"15":{"name":"(anonymous_15)","decl":{"start":{"line":109,"column":27},"end":{"line":109,"column":28}},"loc":{"start":{"line":109,"column":37},"end":{"line":109,"column":71}},"line":109},"16":{"name":"(anonymous_16)","decl":{"start":{"line":113,"column":2},"end":{"line":113,"column":3}},"loc":{"start":{"line":113,"column":28},"end":{"line":117,"column":3}},"line":113},"17":{"name":"(anonymous_17)","decl":{"start":{"line":119,"column":2},"end":{"line":119,"column":3}},"loc":{"start":{"line":119,"column":25},"end":{"line":128,"column":3}},"line":119},"18":{"name":"(anonymous_18)","decl":{"start":{"line":130,"column":2},"end":{"line":130,"column":3}},"loc":{"start":{"line":130,"column":22},"end":{"line":134,"column":3}},"line":130},"19":{"name":"(anonymous_19)","decl":{"start":{"line":136,"column":2},"end":{"line":136,"column":3}},"loc":{"start":{"line":136,"column":18},"end":{"line":156,"column":3}},"line":136},"20":{"name":"(anonymous_20)","decl":{"start":{"line":139,"column":44},"end":{"line":139,"column":45}},"loc":{"start":{"line":139,"column":56},"end":{"line":147,"column":5}},"line":139},"21":{"name":"(anonymous_21)","decl":{"start":{"line":147,"column":11},"end":{"line":147,"column":12}},"loc":{"start":{"line":147,"column":23},"end":{"line":152,"column":5}},"line":147},"22":{"name":"(anonymous_22)","decl":{"start":{"line":158,"column":2},"end":{"line":158,"column":3}},"loc":{"start":{"line":158,"column":32},"end":{"line":164,"column":3}},"line":158},"23":{"name":"(anonymous_23)","decl":{"start":{"line":166,"column":2},"end":{"line":166,"column":3}},"loc":{"start":{"line":166,"column":20},"end":{"line":170,"column":3}},"line":166},"24":{"name":"(anonymous_24)","decl":{"start":{"line":172,"column":2},"end":{"line":172,"column":3}},"loc":{"start":{"line":172,"column":20},"end":{"line":176,"column":3}},"line":172},"25":{"name":"(anonymous_25)","decl":{"start":{"line":178,"column":2},"end":{"line":178,"column":3}},"loc":{"start":{"line":178,"column":21},"end":{"line":182,"column":3}},"line":178},"26":{"name":"(anonymous_26)","decl":{"start":{"line":184,"column":2},"end":{"line":184,"column":3}},"loc":{"start":{"line":184,"column":11},"end":{"line":227,"column":3}},"line":184}},"branchMap":{"0":{"loc":{"start":{"line":16,"column":13},"end":{"line":16,"column":60}},"type":"binary-expr","locations":[{"start":{"line":16,"column":13},"end":{"line":16,"column":26}},{"start":{"line":16,"column":30},"end":{"line":16,"column":43}},{"start":{"line":16,"column":47},"end":{"line":16,"column":60}}],"line":16},"1":{"loc":{"start":{"line":24,"column":6},"end":{"line":30,"column":7}},"type":"if","locations":[{"start":{"line":24,"column":6},"end":{"line":30,"column":7}},{"start":{"line":24,"column":6},"end":{"line":30,"column":7}}],"line":24},"2":{"loc":{"start":{"line":26,"column":13},"end":{"line":30,"column":7}},"type":"if","locations":[{"start":{"line":26,"column":13},"end":{"line":30,"column":7}},{"start":{"line":26,"column":13},"end":{"line":30,"column":7}}],"line":26},"3":{"loc":{"start":{"line":26,"column":17},"end":{"line":26,"column":49}},"type":"binary-expr","locations":[{"start":{"line":26,"column":17},"end":{"line":26,"column":31}},{"start":{"line":26,"column":35},"end":{"line":26,"column":49}}],"line":26},"4":{"loc":{"start":{"line":41,"column":12},"end":{"line":43,"column":13}},"type":"if","locations":[{"start":{"line":41,"column":12},"end":{"line":43,"column":13}},{"start":{"line":41,"column":12},"end":{"line":43,"column":13}}],"line":41},"5":{"loc":{"start":{"line":120,"column":4},"end":{"line":127,"column":5}},"type":"if","locations":[{"start":{"line":120,"column":4},"end":{"line":127,"column":5}},{"start":{"line":120,"column":4},"end":{"line":127,"column":5}}],"line":120},"6":{"loc":{"start":{"line":143,"column":6},"end":{"line":145,"column":7}},"type":"if","locations":[{"start":{"line":143,"column":6},"end":{"line":145,"column":7}},{"start":{"line":143,"column":6},"end":{"line":145,"column":7}}],"line":143},"7":{"loc":{"start":{"line":185,"column":28},"end":{"line":196,"column":9}},"type":"cond-expr","locations":[{"start":{"line":186,"column":7},"end":{"line":192,"column":12}},{"start":{"line":193,"column":7},"end":{"line":196,"column":8}}],"line":185}},"s":{"0":0,"1":0,"2":0,"3":0,"4":0,"5":0,"6":0,"7":0,"8":0,"9":0,"10":0,"11":0,"12":0,"13":0,"14":0,"15":0,"16":0,"17":0,"18":8,"19":8,"20":8,"21":8,"22":8,"23":8,"24":8,"25":8,"26":8,"27":8,"28":8,"29":8,"30":0,"31":8,"32":1,"33":2,"34":1,"35":1,"36":8,"37":0,"38":8,"39":0,"40":0,"41":0,"42":0,"43":0,"44":0,"45":0,"46":0,"47":0,"48":0,"49":0,"50":0,"51":0,"52":0,"53":0,"54":0,"55":0,"56":0,"57":0,"58":0,"59":0,"60":0,"61":0,"62":0,"63":0,"64":0,"65":0,"66":0,"67":8,"68":8},"f":{"0":0,"1":0,"2":0,"3":0,"4":0,"5":8,"6":8,"7":8,"8":0,"9":8,"10":1,"11":2,"12":8,"13":0,"14":0,"15":0,"16":0,"17":0,"18":0,"19":0,"20":0,"21":0,"22":0,"23":0,"24":0,"25":0,"26":8},"b":{"0":[0,0,0],"1":[0,0],"2":[0,0],"3":[0,0],"4":[0,0],"5":[0,0],"6":[0,0],"7":[0,8]},"_coverageSchema":"332fd63041d2c1bcb487cc26dd0d5f7d97098a6c","hash":"cda4b17d350d6e5422308feee7b792af63fc762c"}
,"/Users/justuskovats-wildenradt/hack-reactor/fec/airfec-reviews-justus/client/src/components/backToAllReviews.jsx": {"path":"/Users/justuskovats-wildenradt/hack-reactor/fec/airfec-reviews-justus/client/src/components/backToAllReviews.jsx","statementMap":{"0":{"start":{"line":5,"column":25},"end":{"line":25,"column":1}},"1":{"start":{"line":6,"column":2},"end":{"line":24,"column":8}},"2":{"start":{"line":27,"column":0},"end":{"line":31,"column":2}}},"fnMap":{"0":{"name":"(anonymous_0)","decl":{"start":{"line":5,"column":25},"end":{"line":5,"column":26}},"loc":{"start":{"line":6,"column":2},"end":{"line":24,"column":8}},"line":6}},"branchMap":{},"s":{"0":2,"1":1,"2":2},"f":{"0":1},"b":{},"_coverageSchema":"332fd63041d2c1bcb487cc26dd0d5f7d97098a6c","hash":"286f3c6d4369a5146707c351094a12dfde6b5e31"}
,"/Users/justuskovats-wildenradt/hack-reactor/fec/airfec-reviews-justus/client/src/components/hostResponse.jsx": {"path":"/Users/justuskovats-wildenradt/hack-reactor/fec/airfec-reviews-justus/client/src/components/hostResponse.jsx","statementMap":{"0":{"start":{"line":7,"column":21},"end":{"line":41,"column":1}},"1":{"start":{"line":14,"column":20},"end":{"line":14,"column":68}},"2":{"start":{"line":15,"column":2},"end":{"line":40,"column":4}},"3":{"start":{"line":43,"column":0},"end":{"line":49,"column":2}}},"fnMap":{"0":{"name":"(anonymous_0)","decl":{"start":{"line":7,"column":21},"end":{"line":7,"column":22}},"loc":{"start":{"line":13,"column":6},"end":{"line":41,"column":1}},"line":13}},"branchMap":{"0":{"loc":{"start":{"line":14,"column":20},"end":{"line":14,"column":68}},"type":"cond-expr","locations":[{"start":{"line":14,"column":48},"end":{"line":14,"column":61}},{"start":{"line":14,"column":64},"end":{"line":14,"column":68}}],"line":14}},"s":{"0":3,"1":1,"2":1,"3":3},"f":{"0":1},"b":{"0":[1,0]},"_coverageSchema":"332fd63041d2c1bcb487cc26dd0d5f7d97098a6c","hash":"948c25f801b9b5d6e2dbe30dc285e992e6ea1d2f"}
,"/Users/justuskovats-wildenradt/hack-reactor/fec/airfec-reviews-justus/client/src/components/pages.jsx": {"path":"/Users/justuskovats-wildenradt/hack-reactor/fec/airfec-reviews-justus/client/src/components/pages.jsx","statementMap":{"0":{"start":{"line":8,"column":4},"end":{"line":10,"column":5}},"1":{"start":{"line":9,"column":6},"end":{"line":9,"column":76}},"2":{"start":{"line":15,"column":22},"end":{"line":15,"column":27}},"3":{"start":{"line":16,"column":4},"end":{"line":18,"column":5}},"4":{"start":{"line":17,"column":6},"end":{"line":17,"column":25}},"5":{"start":{"line":19,"column":4},"end":{"line":27,"column":17}},"6":{"start":{"line":31,"column":21},"end":{"line":31,"column":26}},"7":{"start":{"line":32,"column":4},"end":{"line":34,"column":5}},"8":{"start":{"line":33,"column":6},"end":{"line":33,"column":24}},"9":{"start":{"line":35,"column":4},"end":{"line":43,"column":17}},"10":{"start":{"line":47,"column":4},"end":{"line":55,"column":5}},"11":{"start":{"line":48,"column":6},"end":{"line":54,"column":19}},"12":{"start":{"line":56,"column":4},"end":{"line":56,"column":16}},"13":{"start":{"line":60,"column":4},"end":{"line":68,"column":5}},"14":{"start":{"line":61,"column":6},"end":{"line":67,"column":19}},"15":{"start":{"line":69,"column":4},"end":{"line":69,"column":16}},"16":{"start":{"line":73,"column":18},"end":{"line":73,"column":20}},"17":{"start":{"line":74,"column":21},"end":{"line":74,"column":45}},"18":{"start":{"line":75,"column":4},"end":{"line":77,"column":5}},"19":{"start":{"line":76,"column":6},"end":{"line":76,"column":22}},"20":{"start":{"line":78,"column":23},"end":{"line":78,"column":73}},"21":{"start":{"line":79,"column":4},"end":{"line":85,"column":5}},"22":{"start":{"line":80,"column":23},"end":{"line":80,"column":28}},"23":{"start":{"line":81,"column":6},"end":{"line":83,"column":7}},"24":{"start":{"line":82,"column":8},"end":{"line":82,"column":26}},"25":{"start":{"line":84,"column":6},"end":{"line":84,"column":146}},"26":{"start":{"line":86,"column":4},"end":{"line":86,"column":17}},"27":{"start":{"line":90,"column":4},"end":{"line":92,"column":5}},"28":{"start":{"line":91,"column":6},"end":{"line":91,"column":52}},"29":{"start":{"line":93,"column":4},"end":{"line":93,"column":16}},"30":{"start":{"line":96,"column":4},"end":{"line":98,"column":5}},"31":{"start":{"line":97,"column":6},"end":{"line":97,"column":52}},"32":{"start":{"line":99,"column":4},"end":{"line":99,"column":16}},"33":{"start":{"line":103,"column":18},"end":{"line":103,"column":42}},"34":{"start":{"line":104,"column":4},"end":{"line":122,"column":5}},"35":{"start":{"line":105,"column":6},"end":{"line":105,"column":29}},"36":{"start":{"line":106,"column":11},"end":{"line":122,"column":5}},"37":{"start":{"line":107,"column":6},"end":{"line":107,"column":29}},"38":{"start":{"line":108,"column":11},"end":{"line":122,"column":5}},"39":{"start":{"line":109,"column":6},"end":{"line":109,"column":29}},"40":{"start":{"line":110,"column":11},"end":{"line":122,"column":5}},"41":{"start":{"line":111,"column":6},"end":{"line":111,"column":29}},"42":{"start":{"line":112,"column":11},"end":{"line":122,"column":5}},"43":{"start":{"line":113,"column":6},"end":{"line":113,"column":53}},"44":{"start":{"line":114,"column":11},"end":{"line":122,"column":5}},"45":{"start":{"line":115,"column":6},"end":{"line":115,"column":53}},"46":{"start":{"line":116,"column":11},"end":{"line":122,"column":5}},"47":{"start":{"line":117,"column":6},"end":{"line":117,"column":53}},"48":{"start":{"line":118,"column":11},"end":{"line":122,"column":5}},"49":{"start":{"line":119,"column":6},"end":{"line":119,"column":53}},"50":{"start":{"line":120,"column":11},"end":{"line":122,"column":5}},"51":{"start":{"line":121,"column":6},"end":{"line":121,"column":53}},"52":{"start":{"line":123,"column":4},"end":{"line":123,"column":16}},"53":{"start":{"line":127,"column":4},"end":{"line":143,"column":5}},"54":{"start":{"line":128,"column":6},"end":{"line":142,"column":8}},"55":{"start":{"line":135,"column":68},"end":{"line":135,"column":72}},"56":{"start":{"line":144,"column":4},"end":{"line":144,"column":16}},"57":{"start":{"line":148,"column":0},"end":{"line":154,"column":2}}},"fnMap":{"0":{"name":"(anonymous_0)","decl":{"start":{"line":7,"column":2},"end":{"line":7,"column":3}},"loc":{"start":{"line":7,"column":32},"end":{"line":11,"column":3}},"line":7},"1":{"name":"(anonymous_1)","decl":{"start":{"line":14,"column":2},"end":{"line":14,"column":3}},"loc":{"start":{"line":14,"column":14},"end":{"line":28,"column":3}},"line":14},"2":{"name":"(anonymous_2)","decl":{"start":{"line":30,"column":2},"end":{"line":30,"column":3}},"loc":{"start":{"line":30,"column":13},"end":{"line":44,"column":3}},"line":30},"3":{"name":"(anonymous_3)","decl":{"start":{"line":46,"column":2},"end":{"line":46,"column":3}},"loc":{"start":{"line":46,"column":9},"end":{"line":57,"column":3}},"line":46},"4":{"name":"(anonymous_4)","decl":{"start":{"line":59,"column":2},"end":{"line":59,"column":3}},"loc":{"start":{"line":59,"column":9},"end":{"line":70,"column":3}},"line":59},"5":{"name":"(anonymous_5)","decl":{"start":{"line":72,"column":2},"end":{"line":72,"column":3}},"loc":{"start":{"line":72,"column":19},"end":{"line":87,"column":3}},"line":72},"6":{"name":"(anonymous_6)","decl":{"start":{"line":89,"column":2},"end":{"line":89,"column":3}},"loc":{"start":{"line":89,"column":21},"end":{"line":94,"column":3}},"line":89},"7":{"name":"(anonymous_7)","decl":{"start":{"line":95,"column":2},"end":{"line":95,"column":3}},"loc":{"start":{"line":95,"column":24},"end":{"line":100,"column":3}},"line":95},"8":{"name":"(anonymous_8)","decl":{"start":{"line":102,"column":2},"end":{"line":102,"column":3}},"loc":{"start":{"line":102,"column":27},"end":{"line":124,"column":3}},"line":102},"9":{"name":"(anonymous_9)","decl":{"start":{"line":126,"column":2},"end":{"line":126,"column":3}},"loc":{"start":{"line":126,"column":11},"end":{"line":145,"column":3}},"line":126},"10":{"name":"(anonymous_10)","decl":{"start":{"line":135,"column":60},"end":{"line":135,"column":61}},"loc":{"start":{"line":135,"column":68},"end":{"line":135,"column":72}},"line":135}},"branchMap":{"0":{"loc":{"start":{"line":8,"column":4},"end":{"line":10,"column":5}},"type":"if","locations":[{"start":{"line":8,"column":4},"end":{"line":10,"column":5}},{"start":{"line":8,"column":4},"end":{"line":10,"column":5}}],"line":8},"1":{"loc":{"start":{"line":16,"column":4},"end":{"line":18,"column":5}},"type":"if","locations":[{"start":{"line":16,"column":4},"end":{"line":18,"column":5}},{"start":{"line":16,"column":4},"end":{"line":18,"column":5}}],"line":16},"2":{"loc":{"start":{"line":32,"column":4},"end":{"line":34,"column":5}},"type":"if","locations":[{"start":{"line":32,"column":4},"end":{"line":34,"column":5}},{"start":{"line":32,"column":4},"end":{"line":34,"column":5}}],"line":32},"3":{"loc":{"start":{"line":47,"column":4},"end":{"line":55,"column":5}},"type":"if","locations":[{"start":{"line":47,"column":4},"end":{"line":55,"column":5}},{"start":{"line":47,"column":4},"end":{"line":55,"column":5}}],"line":47},"4":{"loc":{"start":{"line":60,"column":4},"end":{"line":68,"column":5}},"type":"if","locations":[{"start":{"line":60,"column":4},"end":{"line":68,"column":5}},{"start":{"line":60,"column":4},"end":{"line":68,"column":5}}],"line":60},"5":{"loc":{"start":{"line":75,"column":4},"end":{"line":77,"column":5}},"type":"if","locations":[{"start":{"line":75,"column":4},"end":{"line":77,"column":5}},{"start":{"line":75,"column":4},"end":{"line":77,"column":5}}],"line":75},"6":{"loc":{"start":{"line":78,"column":23},"end":{"line":78,"column":73}},"type":"cond-expr","locations":[{"start":{"line":78,"column":57},"end":{"line":78,"column":60}},{"start":{"line":78,"column":63},"end":{"line":78,"column":73}}],"line":78},"7":{"loc":{"start":{"line":81,"column":6},"end":{"line":83,"column":7}},"type":"if","locations":[{"start":{"line":81,"column":6},"end":{"line":83,"column":7}},{"start":{"line":81,"column":6},"end":{"line":83,"column":7}}],"line":81},"8":{"loc":{"start":{"line":90,"column":4},"end":{"line":92,"column":5}},"type":"if","locations":[{"start":{"line":90,"column":4},"end":{"line":92,"column":5}},{"start":{"line":90,"column":4},"end":{"line":92,"column":5}}],"line":90},"9":{"loc":{"start":{"line":90,"column":8},"end":{"line":90,"column":105}},"type":"binary-expr","locations":[{"start":{"line":90,"column":8},"end":{"line":90,"column":73}},{"start":{"line":90,"column":77},"end":{"line":90,"column":105}}],"line":90},"10":{"loc":{"start":{"line":96,"column":4},"end":{"line":98,"column":5}},"type":"if","locations":[{"start":{"line":96,"column":4},"end":{"line":98,"column":5}},{"start":{"line":96,"column":4},"end":{"line":98,"column":5}}],"line":96},"11":{"loc":{"start":{"line":96,"column":8},"end":{"line":96,"column":67}},"type":"binary-expr","locations":[{"start":{"line":96,"column":8},"end":{"line":96,"column":34}},{"start":{"line":96,"column":38},"end":{"line":96,"column":67}}],"line":96},"12":{"loc":{"start":{"line":104,"column":4},"end":{"line":122,"column":5}},"type":"if","locations":[{"start":{"line":104,"column":4},"end":{"line":122,"column":5}},{"start":{"line":104,"column":4},"end":{"line":122,"column":5}}],"line":104},"13":{"loc":{"start":{"line":106,"column":11},"end":{"line":122,"column":5}},"type":"if","locations":[{"start":{"line":106,"column":11},"end":{"line":122,"column":5}},{"start":{"line":106,"column":11},"end":{"line":122,"column":5}}],"line":106},"14":{"loc":{"start":{"line":108,"column":11},"end":{"line":122,"column":5}},"type":"if","locations":[{"start":{"line":108,"column":11},"end":{"line":122,"column":5}},{"start":{"line":108,"column":11},"end":{"line":122,"column":5}}],"line":108},"15":{"loc":{"start":{"line":110,"column":11},"end":{"line":122,"column":5}},"type":"if","locations":[{"start":{"line":110,"column":11},"end":{"line":122,"column":5}},{"start":{"line":110,"column":11},"end":{"line":122,"column":5}}],"line":110},"16":{"loc":{"start":{"line":112,"column":11},"end":{"line":122,"column":5}},"type":"if","locations":[{"start":{"line":112,"column":11},"end":{"line":122,"column":5}},{"start":{"line":112,"column":11},"end":{"line":122,"column":5}}],"line":112},"17":{"loc":{"start":{"line":112,"column":15},"end":{"line":112,"column":57}},"type":"binary-expr","locations":[{"start":{"line":112,"column":15},"end":{"line":112,"column":30}},{"start":{"line":112,"column":34},"end":{"line":112,"column":57}}],"line":112},"18":{"loc":{"start":{"line":114,"column":11},"end":{"line":122,"column":5}},"type":"if","locations":[{"start":{"line":114,"column":11},"end":{"line":122,"column":5}},{"start":{"line":114,"column":11},"end":{"line":122,"column":5}}],"line":114},"19":{"loc":{"start":{"line":116,"column":11},"end":{"line":122,"column":5}},"type":"if","locations":[{"start":{"line":116,"column":11},"end":{"line":122,"column":5}},{"start":{"line":116,"column":11},"end":{"line":122,"column":5}}],"line":116},"20":{"loc":{"start":{"line":118,"column":11},"end":{"line":122,"column":5}},"type":"if","locations":[{"start":{"line":118,"column":11},"end":{"line":122,"column":5}},{"start":{"line":118,"column":11},"end":{"line":122,"column":5}}],"line":118},"21":{"loc":{"start":{"line":118,"column":15},"end":{"line":118,"column":51}},"type":"binary-expr","locations":[{"start":{"line":118,"column":15},"end":{"line":118,"column":38}},{"start":{"line":118,"column":42},"end":{"line":118,"column":51}}],"line":118},"22":{"loc":{"start":{"line":120,"column":11},"end":{"line":122,"column":5}},"type":"if","locations":[{"start":{"line":120,"column":11},"end":{"line":122,"column":5}},{"start":{"line":120,"column":11},"end":{"line":122,"column":5}}],"line":120},"23":{"loc":{"start":{"line":127,"column":4},"end":{"line":143,"column":5}},"type":"if","locations":[{"start":{"line":127,"column":4},"end":{"line":143,"column":5}},{"start":{"line":127,"column":4},"end":{"line":143,"column":5}}],"line":127}},"s":{"0":0,"1":0,"2":5,"3":5,"4":1,"5":5,"6":5,"7":5,"8":0,"9":5,"10":7,"11":3,"12":4,"13":7,"14":5,"15":2,"16":6,"17":6,"18":6,"19":6,"20":6,"21":6,"22":13,"23":13,"24":2,"25":13,"26":6,"27":7,"28":3,"29":4,"30":7,"31":4,"32":3,"33":5,"34":5,"35":0,"36":5,"37":2,"38":3,"39":0,"40":3,"41":0,"42":3,"43":0,"44":3,"45":0,"46":3,"47":0,"48":3,"49":0,"50":3,"51":3,"52":0,"53":5,"54":5,"55":10,"56":0,"57":2},"f":{"0":0,"1":5,"2":5,"3":7,"4":7,"5":6,"6":7,"7":7,"8":5,"9":5,"10":10},"b":{"0":[0,0],"1":[1,4],"2":[0,5],"3":[3,4],"4":[5,2],"5":[6,0],"6":[6,0],"7":[2,11],"8":[3,4],"9":[7,3],"10":[4,3],"11":[7,4],"12":[0,5],"13":[2,3],"14":[0,3],"15":[0,3],"16":[0,3],"17":[3,3],"18":[0,3],"19":[0,3],"20":[0,3],"21":[3,0],"22":[3,0],"23":[5,0]},"_coverageSchema":"332fd63041d2c1bcb487cc26dd0d5f7d97098a6c","hash":"c408541adbbd94bc7a7fb8ff65a90a6f5f787690"}
,"/Users/justuskovats-wildenradt/hack-reactor/fec/airfec-reviews-justus/client/src/components/rating.jsx": {"path":"/Users/justuskovats-wildenradt/hack-reactor/fec/airfec-reviews-justus/client/src/components/rating.jsx","statementMap":{"0":{"start":{"line":5,"column":15},"end":{"line":15,"column":1}},"1":{"start":{"line":6,"column":2},"end":{"line":14,"column":8}},"2":{"start":{"line":10,"column":57},"end":{"line":10,"column":94}},"3":{"start":{"line":17,"column":0},"end":{"line":21,"column":2}}},"fnMap":{"0":{"name":"(anonymous_0)","decl":{"start":{"line":5,"column":15},"end":{"line":5,"column":16}},"loc":{"start":{"line":6,"column":2},"end":{"line":14,"column":8}},"line":6},"1":{"name":"(anonymous_1)","decl":{"start":{"line":10,"column":49},"end":{"line":10,"column":50}},"loc":{"start":{"line":10,"column":57},"end":{"line":10,"column":94}},"line":10}},"branchMap":{},"s":{"0":3,"1":8,"2":38,"3":3},"f":{"0":8,"1":38},"b":{},"_coverageSchema":"332fd63041d2c1bcb487cc26dd0d5f7d97098a6c","hash":"e692e16b7d2418340608e6b5e0241a1cd4def003"}
,"/Users/justuskovats-wildenradt/hack-reactor/fec/airfec-reviews-justus/client/src/components/ratingsList.jsx": {"path":"/Users/justuskovats-wildenradt/hack-reactor/fec/airfec-reviews-justus/client/src/components/ratingsList.jsx","statementMap":{"0":{"start":{"line":6,"column":20},"end":{"line":41,"column":1}},"1":{"start":{"line":7,"column":43},"end":{"line":11,"column":3}},"2":{"start":{"line":12,"column":31},"end":{"line":16,"column":3}},"3":{"start":{"line":17,"column":2},"end":{"line":40,"column":4}},"4":{"start":{"line":22,"column":11},"end":{"line":27,"column":12}},"5":{"start":{"line":31,"column":11},"end":{"line":36,"column":12}},"6":{"start":{"line":43,"column":0},"end":{"line":46,"column":2}}},"fnMap":{"0":{"name":"(anonymous_0)","decl":{"start":{"line":6,"column":20},"end":{"line":6,"column":21}},"loc":{"start":{"line":6,"column":57},"end":{"line":41,"column":1}},"line":6},"1":{"name":"(anonymous_1)","decl":{"start":{"line":21,"column":48},"end":{"line":21,"column":49}},"loc":{"start":{"line":22,"column":11},"end":{"line":27,"column":12}},"line":22},"2":{"name":"(anonymous_2)","decl":{"start":{"line":30,"column":36},"end":{"line":30,"column":37}},"loc":{"start":{"line":31,"column":11},"end":{"line":36,"column":12}},"line":31}},"branchMap":{},"s":{"0":2,"1":1,"2":1,"3":1,"4":3,"5":3,"6":2},"f":{"0":1,"1":3,"2":3},"b":{},"_coverageSchema":"332fd63041d2c1bcb487cc26dd0d5f7d97098a6c","hash":"7f556c044f083da924c9f8d4c56d856ddf1cefe8"}
,"/Users/justuskovats-wildenradt/hack-reactor/fec/airfec-reviews-justus/client/src/components/report.jsx": {"path":"/Users/justuskovats-wildenradt/hack-reactor/fec/airfec-reviews-justus/client/src/components/report.jsx","statementMap":{"0":{"start":{"line":6,"column":15},"end":{"line":84,"column":1}},"1":{"start":{"line":14,"column":24},"end":{"line":14,"column":73}},"2":{"start":{"line":15,"column":20},"end":{"line":15,"column":65}},"3":{"start":{"line":16,"column":15},"end":{"line":16,"column":55}},"4":{"start":{"line":17,"column":2},"end":{"line":83,"column":4}},"5":{"start":{"line":86,"column":0},"end":{"line":93,"column":2}}},"fnMap":{"0":{"name":"(anonymous_0)","decl":{"start":{"line":6,"column":15},"end":{"line":6,"column":16}},"loc":{"start":{"line":13,"column":6},"end":{"line":84,"column":1}},"line":13}},"branchMap":{"0":{"loc":{"start":{"line":14,"column":24},"end":{"line":14,"column":73}},"type":"cond-expr","locations":[{"start":{"line":14,"column":57},"end":{"line":14,"column":66}},{"start":{"line":14,"column":69},"end":{"line":14,"column":73}}],"line":14},"1":{"loc":{"start":{"line":15,"column":20},"end":{"line":15,"column":65}},"type":"cond-expr","locations":[{"start":{"line":15,"column":49},"end":{"line":15,"column":58}},{"start":{"line":15,"column":61},"end":{"line":15,"column":65}}],"line":15},"2":{"loc":{"start":{"line":16,"column":15},"end":{"line":16,"column":55}},"type":"cond-expr","locations":[{"start":{"line":16,"column":39},"end":{"line":16,"column":48}},{"start":{"line":16,"column":51},"end":{"line":16,"column":55}}],"line":16}},"s":{"0":3,"1":1,"2":1,"3":1,"4":1,"5":3},"f":{"0":1},"b":{"0":[0,1],"1":[0,1],"2":[0,1]},"_coverageSchema":"332fd63041d2c1bcb487cc26dd0d5f7d97098a6c","hash":"ff2237e375b5e574937373ff6c07ed129148c491"}
,"/Users/justuskovats-wildenradt/hack-reactor/fec/airfec-reviews-justus/client/src/components/reportThankyou.jsx": {"path":"/Users/justuskovats-wildenradt/hack-reactor/fec/airfec-reviews-justus/client/src/components/reportThankyou.jsx","statementMap":{"0":{"start":{"line":6,"column":23},"end":{"line":29,"column":1}},"1":{"start":{"line":10,"column":2},"end":{"line":28,"column":8}},"2":{"start":{"line":31,"column":0},"end":{"line":34,"column":2}}},"fnMap":{"0":{"name":"(anonymous_0)","decl":{"start":{"line":6,"column":23},"end":{"line":6,"column":24}},"loc":{"start":{"line":10,"column":2},"end":{"line":28,"column":8}},"line":10}},"branchMap":{},"s":{"0":3,"1":1,"2":3},"f":{"0":1},"b":{},"_coverageSchema":"332fd63041d2c1bcb487cc26dd0d5f7d97098a6c","hash":"7a6ac0d1391b3eb780189fc9aa0141f70d915d89"}
,"/Users/justuskovats-wildenradt/hack-reactor/fec/airfec-reviews-justus/client/src/components/review.jsx": {"path":"/Users/justuskovats-wildenradt/hack-reactor/fec/airfec-reviews-justus/client/src/components/review.jsx","statementMap":{"0":{"start":{"line":12,"column":4},"end":{"line":37,"column":5}},"1":{"start":{"line":13,"column":22},"end":{"line":13,"column":24}},"2":{"start":{"line":14,"column":20},"end":{"line":14,"column":21}},"3":{"start":{"line":15,"column":22},"end":{"line":15,"column":27}},"4":{"start":{"line":16,"column":6},"end":{"line":32,"column":9}},"5":{"start":{"line":17,"column":8},"end":{"line":31,"column":9}},"6":{"start":{"line":18,"column":27},"end":{"line":18,"column":29}},"7":{"start":{"line":19,"column":10},"end":{"line":27,"column":11}},"8":{"start":{"line":20,"column":12},"end":{"line":20,"column":34}},"9":{"start":{"line":21,"column":12},"end":{"line":21,"column":25}},"10":{"start":{"line":22,"column":12},"end":{"line":26,"column":13}},"11":{"start":{"line":23,"column":14},"end":{"line":23,"column":39}},"12":{"start":{"line":24,"column":14},"end":{"line":24,"column":31}},"13":{"start":{"line":25,"column":14},"end":{"line":25,"column":21}},"14":{"start":{"line":28,"column":10},"end":{"line":28,"column":35}},"15":{"start":{"line":29,"column":15},"end":{"line":31,"column":9}},"16":{"start":{"line":30,"column":10},"end":{"line":30,"column":29}},"17":{"start":{"line":33,"column":6},"end":{"line":35,"column":7}},"18":{"start":{"line":34,"column":8},"end":{"line":34,"column":23}},"19":{"start":{"line":36,"column":6},"end":{"line":36,"column":19}},"20":{"start":{"line":38,"column":4},"end":{"line":40,"column":5}},"21":{"start":{"line":39,"column":6},"end":{"line":39,"column":42}},"22":{"start":{"line":41,"column":4},"end":{"line":41,"column":17}},"23":{"start":{"line":45,"column":4},"end":{"line":45,"column":17}},"24":{"start":{"line":46,"column":4},"end":{"line":52,"column":6}},"25":{"start":{"line":53,"column":4},"end":{"line":53,"column":59}},"26":{"start":{"line":54,"column":4},"end":{"line":54,"column":63}},"27":{"start":{"line":55,"column":4},"end":{"line":55,"column":51}},"28":{"start":{"line":56,"column":4},"end":{"line":56,"column":65}},"29":{"start":{"line":57,"column":4},"end":{"line":57,"column":55}},"30":{"start":{"line":58,"column":4},"end":{"line":58,"column":61}},"31":{"start":{"line":59,"column":4},"end":{"line":59,"column":67}},"32":{"start":{"line":62,"column":4},"end":{"line":62,"column":68}},"33":{"start":{"line":66,"column":4},"end":{"line":66,"column":71}},"34":{"start":{"line":70,"column":4},"end":{"line":70,"column":27}},"35":{"start":{"line":74,"column":4},"end":{"line":77,"column":7}},"36":{"start":{"line":78,"column":4},"end":{"line":78,"column":44}},"37":{"start":{"line":82,"column":4},"end":{"line":87,"column":7}},"38":{"start":{"line":88,"column":4},"end":{"line":88,"column":42}},"39":{"start":{"line":92,"column":4},"end":{"line":94,"column":7}},"40":{"start":{"line":95,"column":4},"end":{"line":95,"column":44}},"41":{"start":{"line":99,"column":4},"end":{"line":102,"column":5}},"42":{"start":{"line":100,"column":6},"end":{"line":100,"column":46}},"43":{"start":{"line":101,"column":6},"end":{"line":101,"column":13}},"44":{"start":{"line":103,"column":4},"end":{"line":103,"column":23}},"45":{"start":{"line":107,"column":4},"end":{"line":110,"column":7}},"46":{"start":{"line":111,"column":4},"end":{"line":111,"column":44}},"47":{"start":{"line":115,"column":4},"end":{"line":117,"column":7}},"48":{"start":{"line":123,"column":8},"end":{"line":123,"column":18}},"49":{"start":{"line":125,"column":18},"end":{"line":138,"column":5}},"50":{"start":{"line":139,"column":17},"end":{"line":139,"column":46}},"51":{"start":{"line":140,"column":25},"end":{"line":140,"column":55}},"52":{"start":{"line":142,"column":25},"end":{"line":150,"column":10}},"53":{"start":{"line":152,"column":22},"end":{"line":154,"column":10}},"54":{"start":{"line":156,"column":23},"end":{"line":165,"column":10}},"55":{"start":{"line":167,"column":30},"end":{"line":172,"column":10}},"56":{"start":{"line":174,"column":4},"end":{"line":214,"column":6}},"57":{"start":{"line":218,"column":0},"end":{"line":220,"column":2}}},"fnMap":{"0":{"name":"(anonymous_0)","decl":{"start":{"line":11,"column":2},"end":{"line":11,"column":3}},"loc":{"start":{"line":11,"column":33},"end":{"line":42,"column":3}},"line":11},"1":{"name":"(anonymous_1)","decl":{"start":{"line":16,"column":40},"end":{"line":16,"column":41}},"loc":{"start":{"line":16,"column":50},"end":{"line":32,"column":7}},"line":16},"2":{"name":"(anonymous_2)","decl":{"start":{"line":44,"column":2},"end":{"line":44,"column":3}},"loc":{"start":{"line":44,"column":21},"end":{"line":60,"column":3}},"line":44},"3":{"name":"(anonymous_3)","decl":{"start":{"line":61,"column":2},"end":{"line":61,"column":3}},"loc":{"start":{"line":61,"column":23},"end":{"line":63,"column":3}},"line":61},"4":{"name":"(anonymous_4)","decl":{"start":{"line":65,"column":2},"end":{"line":65,"column":3}},"loc":{"start":{"line":65,"column":25},"end":{"line":67,"column":3}},"line":65},"5":{"name":"(anonymous_5)","decl":{"start":{"line":69,"column":2},"end":{"line":69,"column":3}},"loc":{"start":{"line":69,"column":22},"end":{"line":71,"column":3}},"line":69},"6":{"name":"(anonymous_6)","decl":{"start":{"line":73,"column":2},"end":{"line":73,"column":3}},"loc":{"start":{"line":73,"column":22},"end":{"line":79,"column":3}},"line":73},"7":{"name":"(anonymous_7)","decl":{"start":{"line":81,"column":2},"end":{"line":81,"column":3}},"loc":{"start":{"line":81,"column":16},"end":{"line":89,"column":3}},"line":81},"8":{"name":"(anonymous_8)","decl":{"start":{"line":91,"column":2},"end":{"line":91,"column":3}},"loc":{"start":{"line":91,"column":20},"end":{"line":96,"column":3}},"line":91},"9":{"name":"(anonymous_9)","decl":{"start":{"line":98,"column":2},"end":{"line":98,"column":3}},"loc":{"start":{"line":98,"column":24},"end":{"line":104,"column":3}},"line":98},"10":{"name":"(anonymous_10)","decl":{"start":{"line":106,"column":2},"end":{"line":106,"column":3}},"loc":{"start":{"line":106,"column":22},"end":{"line":112,"column":3}},"line":106},"11":{"name":"(anonymous_11)","decl":{"start":{"line":114,"column":2},"end":{"line":114,"column":3}},"loc":{"start":{"line":114,"column":24},"end":{"line":118,"column":3}},"line":114},"12":{"name":"(anonymous_12)","decl":{"start":{"line":120,"column":2},"end":{"line":120,"column":3}},"loc":{"start":{"line":120,"column":11},"end":{"line":215,"column":3}},"line":120}},"branchMap":{"0":{"loc":{"start":{"line":12,"column":4},"end":{"line":37,"column":5}},"type":"if","locations":[{"start":{"line":12,"column":4},"end":{"line":37,"column":5}},{"start":{"line":12,"column":4},"end":{"line":37,"column":5}}],"line":12},"1":{"loc":{"start":{"line":17,"column":8},"end":{"line":31,"column":9}},"type":"if","locations":[{"start":{"line":17,"column":8},"end":{"line":31,"column":9}},{"start":{"line":17,"column":8},"end":{"line":31,"column":9}}],"line":17},"2":{"loc":{"start":{"line":22,"column":12},"end":{"line":26,"column":13}},"type":"if","locations":[{"start":{"line":22,"column":12},"end":{"line":26,"column":13}},{"start":{"line":22,"column":12},"end":{"line":26,"column":13}}],"line":22},"3":{"loc":{"start":{"line":29,"column":15},"end":{"line":31,"column":9}},"type":"if","locations":[{"start":{"line":29,"column":15},"end":{"line":31,"column":9}},{"start":{"line":29,"column":15},"end":{"line":31,"column":9}}],"line":29},"4":{"loc":{"start":{"line":33,"column":6},"end":{"line":35,"column":7}},"type":"if","locations":[{"start":{"line":33,"column":6},"end":{"line":35,"column":7}},{"start":{"line":33,"column":6},"end":{"line":35,"column":7}}],"line":33},"5":{"loc":{"start":{"line":38,"column":4},"end":{"line":40,"column":5}},"type":"if","locations":[{"start":{"line":38,"column":4},"end":{"line":40,"column":5}},{"start":{"line":38,"column":4},"end":{"line":40,"column":5}}],"line":38},"6":{"loc":{"start":{"line":99,"column":4},"end":{"line":102,"column":5}},"type":"if","locations":[{"start":{"line":99,"column":4},"end":{"line":102,"column":5}},{"start":{"line":99,"column":4},"end":{"line":102,"column":5}}],"line":99},"7":{"loc":{"start":{"line":99,"column":8},"end":{"line":99,"column":61}},"type":"binary-expr","locations":[{"start":{"line":99,"column":8},"end":{"line":99,"column":23}},{"start":{"line":99,"column":27},"end":{"line":99,"column":61}}],"line":99},"8":{"loc":{"start":{"line":142,"column":25},"end":{"line":150,"column":10}},"type":"cond-expr","locations":[{"start":{"line":143,"column":7},"end":{"line":149,"column":14}},{"start":{"line":150,"column":6},"end":{"line":150,"column":10}}],"line":142},"9":{"loc":{"start":{"line":152,"column":22},"end":{"line":154,"column":10}},"type":"cond-expr","locations":[{"start":{"line":153,"column":6},"end":{"line":153,"column":19}},{"start":{"line":154,"column":6},"end":{"line":154,"column":10}}],"line":152},"10":{"loc":{"start":{"line":156,"column":23},"end":{"line":165,"column":10}},"type":"cond-expr","locations":[{"start":{"line":157,"column":7},"end":{"line":164,"column":14}},{"start":{"line":165,"column":6},"end":{"line":165,"column":10}}],"line":156},"11":{"loc":{"start":{"line":167,"column":30},"end":{"line":172,"column":10}},"type":"cond-expr","locations":[{"start":{"line":168,"column":7},"end":{"line":171,"column":14}},{"start":{"line":172,"column":6},"end":{"line":172,"column":10}}],"line":167}},"s":{"0":11,"1":0,"2":0,"3":0,"4":0,"5":0,"6":0,"7":0,"8":0,"9":0,"10":0,"11":0,"12":0,"13":0,"14":0,"15":0,"16":0,"17":0,"18":0,"19":0,"20":11,"21":7,"22":4,"23":4,"24":4,"25":4,"26":4,"27":4,"28":4,"29":4,"30":4,"31":4,"32":4,"33":0,"34":3,"35":1,"36":1,"37":0,"38":0,"39":1,"40":1,"41":0,"42":0,"43":0,"44":0,"45":0,"46":0,"47":0,"48":6,"49":6,"50":6,"51":6,"52":6,"53":6,"54":6,"55":6,"56":6,"57":3},"f":{"0":11,"1":0,"2":4,"3":4,"4":0,"5":3,"6":1,"7":0,"8":1,"9":0,"10":0,"11":0,"12":6},"b":{"0":[0,11],"1":[0,0],"2":[0,0],"3":[0,0],"4":[0,0],"5":[7,4],"6":[0,0],"7":[0,0],"8":[1,5],"9":[6,0],"10":[1,5],"11":[1,5]},"_coverageSchema":"332fd63041d2c1bcb487cc26dd0d5f7d97098a6c","hash":"4f36045efbbef17171c8be5c14d48f0f6e431a8f"}
,"/Users/justuskovats-wildenradt/hack-reactor/fec/airfec-reviews-justus/client/src/components/reviewList.jsx": {"path":"/Users/justuskovats-wildenradt/hack-reactor/fec/airfec-reviews-justus/client/src/components/reviewList.jsx","statementMap":{"0":{"start":{"line":5,"column":19},"end":{"line":13,"column":1}},"1":{"start":{"line":6,"column":2},"end":{"line":12,"column":8}},"2":{"start":{"line":8,"column":7},"end":{"line":11,"column":8}},"3":{"start":{"line":15,"column":0},"end":{"line":17,"column":2}}},"fnMap":{"0":{"name":"(anonymous_0)","decl":{"start":{"line":5,"column":19},"end":{"line":5,"column":20}},"loc":{"start":{"line":6,"column":2},"end":{"line":12,"column":8}},"line":6},"1":{"name":"(anonymous_1)","decl":{"start":{"line":7,"column":17},"end":{"line":7,"column":18}},"loc":{"start":{"line":8,"column":7},"end":{"line":11,"column":8}},"line":8}},"branchMap":{},"s":{"0":2,"1":1,"2":2,"3":2},"f":{"0":1,"1":2},"b":{},"_coverageSchema":"332fd63041d2c1bcb487cc26dd0d5f7d97098a6c","hash":"fafd4f92a161d6131c75961a6760cf1c6fd01365"}
,"/Users/justuskovats-wildenradt/hack-reactor/fec/airfec-reviews-justus/client/src/components/reviewText.jsx": {"path":"/Users/justuskovats-wildenradt/hack-reactor/fec/airfec-reviews-justus/client/src/components/reviewText.jsx","statementMap":{"0":{"start":{"line":5,"column":19},"end":{"line":23,"column":1}},"1":{"start":{"line":11,"column":2},"end":{"line":17,"column":3}},"2":{"start":{"line":12,"column":4},"end":{"line":16,"column":6}},"3":{"start":{"line":18,"column":2},"end":{"line":22,"column":4}},"4":{"start":{"line":25,"column":0},"end":{"line":30,"column":2}}},"fnMap":{"0":{"name":"(anonymous_0)","decl":{"start":{"line":5,"column":19},"end":{"line":5,"column":20}},"loc":{"start":{"line":10,"column":6},"end":{"line":23,"column":1}},"line":10}},"branchMap":{"0":{"loc":{"start":{"line":11,"column":2},"end":{"line":17,"column":3}},"type":"if","locations":[{"start":{"line":11,"column":2},"end":{"line":17,"column":3}},{"start":{"line":11,"column":2},"end":{"line":17,"column":3}}],"line":11},"1":{"loc":{"start":{"line":11,"column":6},"end":{"line":11,"column":42}},"type":"binary-expr","locations":[{"start":{"line":11,"column":6},"end":{"line":11,"column":29}},{"start":{"line":11,"column":33},"end":{"line":11,"column":42}}],"line":11}},"s":{"0":3,"1":7,"2":3,"3":4,"4":3},"f":{"0":7},"b":{"0":[3,4],"1":[7,3]},"_coverageSchema":"332fd63041d2c1bcb487cc26dd0d5f7d97098a6c","hash":"d6fac587b8c85b574a99c74184691a8977174e52"}
,"/Users/justuskovats-wildenradt/hack-reactor/fec/airfec-reviews-justus/client/src/components/search.jsx": {"path":"/Users/justuskovats-wildenradt/hack-reactor/fec/airfec-reviews-justus/client/src/components/search.jsx","statementMap":{"0":{"start":{"line":6,"column":15},"end":{"line":54,"column":1}},"1":{"start":{"line":15,"column":20},"end":{"line":17,"column":8}},"2":{"start":{"line":19,"column":2},"end":{"line":53,"column":4}},"3":{"start":{"line":26,"column":62},"end":{"line":26,"column":66}},"4":{"start":{"line":56,"column":0},"end":{"line":64,"column":2}}},"fnMap":{"0":{"name":"(anonymous_0)","decl":{"start":{"line":6,"column":15},"end":{"line":6,"column":16}},"loc":{"start":{"line":14,"column":6},"end":{"line":54,"column":1}},"line":14},"1":{"name":"(anonymous_1)","decl":{"start":{"line":26,"column":54},"end":{"line":26,"column":55}},"loc":{"start":{"line":26,"column":62},"end":{"line":26,"column":66}},"line":26}},"branchMap":{"0":{"loc":{"start":{"line":15,"column":20},"end":{"line":17,"column":8}},"type":"cond-expr","locations":[{"start":{"line":16,"column":4},"end":{"line":16,"column":19}},{"start":{"line":17,"column":4},"end":{"line":17,"column":8}}],"line":15}},"s":{"0":2,"1":1,"2":1,"3":5,"4":2},"f":{"0":1,"1":5},"b":{"0":[1,0]},"_coverageSchema":"332fd63041d2c1bcb487cc26dd0d5f7d97098a6c","hash":"4d57ab0a9d50338460889fa602d2aae2d0379908"}
,"/Users/justuskovats-wildenradt/hack-reactor/fec/airfec-reviews-justus/client/src/components/svg.jsx": {"path":"/Users/justuskovats-wildenradt/hack-reactor/fec/airfec-reviews-justus/client/src/components/svg.jsx","statementMap":{"0":{"start":{"line":4,"column":0},"end":{"line":142,"column":2}}},"fnMap":{},"branchMap":{},"s":{"0":5},"f":{},"b":{},"_coverageSchema":"332fd63041d2c1bcb487cc26dd0d5f7d97098a6c","hash":"2f986fb7d3eafab309595a1e179bc5db947de632"}
}
