{"/Users/justuskovats-wildenradt/hack-reactor/fec/airfec-reviews-justus/client/spec/setup.js": {"path":"/Users/justuskovats-wildenradt/hack-reactor/fec/airfec-reviews-justus/client/spec/setup.js","statementMap":{"0":{"start":{"line":4,"column":0},"end":{"line":4,"column":45}}},"fnMap":{},"branchMap":{},"s":{"0":3},"f":{},"b":{},"_coverageSchema":"332fd63041d2c1bcb487cc26dd0d5f7d97098a6c","hash":"dd4a3ffb78f5f86198dc5101c5e35258e0385750"}
,"/Users/justuskovats-wildenradt/hack-reactor/fec/airfec-reviews-justus/client/src/components/app.jsx": {"path":"/Users/justuskovats-wildenradt/hack-reactor/fec/airfec-reviews-justus/client/src/components/app.jsx","statementMap":{"0":{"start":{"line":9,"column":4},"end":{"line":9,"column":17}},"1":{"start":{"line":10,"column":4},"end":{"line":16,"column":6}},"2":{"start":{"line":17,"column":4},"end":{"line":17,"column":73}},"3":{"start":{"line":18,"column":4},"end":{"line":18,"column":57}},"4":{"start":{"line":22,"column":4},"end":{"line":22,"column":65}},"5":{"start":{"line":26,"column":4},"end":{"line":34,"column":71}},"6":{"start":{"line":32,"column":8},"end":{"line":32,"column":32}},"7":{"start":{"line":34,"column":22},"end":{"line":34,"column":69}},"8":{"start":{"line":38,"column":14},"end":{"line":38,"column":15}},"9":{"start":{"line":39,"column":4},"end":{"line":41,"column":7}},"10":{"start":{"line":40,"column":6},"end":{"line":40,"column":30}},"11":{"start":{"line":42,"column":20},"end":{"line":42,"column":46}},"12":{"start":{"line":43,"column":4},"end":{"line":43,"column":39}},"13":{"start":{"line":47,"column":4},"end":{"line":51,"column":7}},"14":{"start":{"line":48,"column":17},"end":{"line":48,"column":34}},"15":{"start":{"line":49,"column":17},"end":{"line":49,"column":34}},"16":{"start":{"line":50,"column":6},"end":{"line":50,"column":61}},"17":{"start":{"line":55,"column":21},"end":{"line":55,"column":67}},"18":{"start":{"line":56,"column":26},"end":{"line":56,"column":77}},"19":{"start":{"line":57,"column":24},"end":{"line":57,"column":73}},"20":{"start":{"line":58,"column":21},"end":{"line":58,"column":67}},"21":{"start":{"line":59,"column":20},"end":{"line":59,"column":65}},"22":{"start":{"line":60,"column":18},"end":{"line":60,"column":61}},"23":{"start":{"line":61,"column":18},"end":{"line":61,"column":113}},"24":{"start":{"line":62,"column":4},"end":{"line":62,"column":28}},"25":{"start":{"line":63,"column":4},"end":{"line":68,"column":7}},"26":{"start":{"line":72,"column":4},"end":{"line":74,"column":7}},"27":{"start":{"line":78,"column":4},"end":{"line":80,"column":5}},"28":{"start":{"line":79,"column":6},"end":{"line":79,"column":48}},"29":{"start":{"line":84,"column":28},"end":{"line":92,"column":6}},"30":{"start":{"line":85,"column":25},"end":{"line":85,"column":57}},"31":{"start":{"line":86,"column":23},"end":{"line":86,"column":53}},"32":{"start":{"line":87,"column":21},"end":{"line":87,"column":40}},"33":{"start":{"line":88,"column":6},"end":{"line":90,"column":7}},"34":{"start":{"line":89,"column":8},"end":{"line":89,"column":41}},"35":{"start":{"line":91,"column":6},"end":{"line":91,"column":41}},"36":{"start":{"line":93,"column":4},"end":{"line":95,"column":7}},"37":{"start":{"line":99,"column":4},"end":{"line":114,"column":6}}},"fnMap":{"0":{"name":"(anonymous_0)","decl":{"start":{"line":8,"column":2},"end":{"line":8,"column":3}},"loc":{"start":{"line":8,"column":21},"end":{"line":19,"column":3}},"line":8},"1":{"name":"(anonymous_1)","decl":{"start":{"line":21,"column":2},"end":{"line":21,"column":3}},"loc":{"start":{"line":21,"column":22},"end":{"line":23,"column":3}},"line":21},"2":{"name":"(anonymous_2)","decl":{"start":{"line":25,"column":2},"end":{"line":25,"column":3}},"loc":{"start":{"line":25,"column":26},"end":{"line":35,"column":3}},"line":25},"3":{"name":"(anonymous_3)","decl":{"start":{"line":31,"column":12},"end":{"line":31,"column":13}},"loc":{"start":{"line":31,"column":26},"end":{"line":33,"column":7}},"line":31},"4":{"name":"(anonymous_4)","decl":{"start":{"line":34,"column":13},"end":{"line":34,"column":14}},"loc":{"start":{"line":34,"column":22},"end":{"line":34,"column":69}},"line":34},"5":{"name":"(anonymous_5)","decl":{"start":{"line":37,"column":2},"end":{"line":37,"column":3}},"loc":{"start":{"line":37,"column":44},"end":{"line":44,"column":3}},"line":37},"6":{"name":"(anonymous_6)","decl":{"start":{"line":39,"column":26},"end":{"line":39,"column":27}},"loc":{"start":{"line":39,"column":38},"end":{"line":41,"column":5}},"line":39},"7":{"name":"(anonymous_7)","decl":{"start":{"line":46,"column":2},"end":{"line":46,"column":3}},"loc":{"start":{"line":46,"column":24},"end":{"line":52,"column":3}},"line":46},"8":{"name":"(anonymous_8)","decl":{"start":{"line":47,"column":24},"end":{"line":47,"column":25}},"loc":{"start":{"line":47,"column":34},"end":{"line":51,"column":5}},"line":47},"9":{"name":"(anonymous_9)","decl":{"start":{"line":54,"column":2},"end":{"line":54,"column":3}},"loc":{"start":{"line":54,"column":33},"end":{"line":69,"column":3}},"line":54},"10":{"name":"(anonymous_10)","decl":{"start":{"line":71,"column":2},"end":{"line":71,"column":3}},"loc":{"start":{"line":71,"column":28},"end":{"line":75,"column":3}},"line":71},"11":{"name":"(anonymous_11)","decl":{"start":{"line":77,"column":2},"end":{"line":77,"column":3}},"loc":{"start":{"line":77,"column":25},"end":{"line":81,"column":3}},"line":77},"12":{"name":"(anonymous_12)","decl":{"start":{"line":83,"column":2},"end":{"line":83,"column":3}},"loc":{"start":{"line":83,"column":23},"end":{"line":96,"column":3}},"line":83},"13":{"name":"(anonymous_13)","decl":{"start":{"line":84,"column":60},"end":{"line":84,"column":61}},"loc":{"start":{"line":84,"column":72},"end":{"line":92,"column":5}},"line":84},"14":{"name":"(anonymous_14)","decl":{"start":{"line":98,"column":2},"end":{"line":98,"column":3}},"loc":{"start":{"line":98,"column":11},"end":{"line":115,"column":3}},"line":98}},"branchMap":{"0":{"loc":{"start":{"line":50,"column":13},"end":{"line":50,"column":60}},"type":"binary-expr","locations":[{"start":{"line":50,"column":13},"end":{"line":50,"column":26}},{"start":{"line":50,"column":30},"end":{"line":50,"column":43}},{"start":{"line":50,"column":47},"end":{"line":50,"column":60}}],"line":50},"1":{"loc":{"start":{"line":78,"column":4},"end":{"line":80,"column":5}},"type":"if","locations":[{"start":{"line":78,"column":4},"end":{"line":80,"column":5}},{"start":{"line":78,"column":4},"end":{"line":80,"column":5}}],"line":78},"2":{"loc":{"start":{"line":88,"column":6},"end":{"line":90,"column":7}},"type":"if","locations":[{"start":{"line":88,"column":6},"end":{"line":90,"column":7}},{"start":{"line":88,"column":6},"end":{"line":90,"column":7}}],"line":88}},"s":{"0":5,"1":5,"2":5,"3":5,"4":5,"5":5,"6":0,"7":5,"8":0,"9":0,"10":0,"11":0,"12":0,"13":0,"14":0,"15":0,"16":0,"17":0,"18":0,"19":0,"20":0,"21":0,"22":0,"23":0,"24":0,"25":0,"26":0,"27":0,"28":0,"29":0,"30":0,"31":0,"32":0,"33":0,"34":0,"35":0,"36":0,"37":5},"f":{"0":5,"1":5,"2":5,"3":0,"4":5,"5":0,"6":0,"7":0,"8":0,"9":0,"10":0,"11":0,"12":0,"13":0,"14":5},"b":{"0":[0,0,0],"1":[0,0],"2":[0,0]},"_coverageSchema":"332fd63041d2c1bcb487cc26dd0d5f7d97098a6c","hash":"28d01eab67c990c89763d975e51182719cd78691"}
,"/Users/justuskovats-wildenradt/hack-reactor/fec/airfec-reviews-justus/client/src/components/hostResponse.jsx": {"path":"/Users/justuskovats-wildenradt/hack-reactor/fec/airfec-reviews-justus/client/src/components/hostResponse.jsx","statementMap":{"0":{"start":{"line":5,"column":21},"end":{"line":14,"column":1}},"1":{"start":{"line":6,"column":2},"end":{"line":13,"column":8}},"2":{"start":{"line":16,"column":0},"end":{"line":19,"column":2}}},"fnMap":{"0":{"name":"(anonymous_0)","decl":{"start":{"line":5,"column":21},"end":{"line":5,"column":22}},"loc":{"start":{"line":6,"column":2},"end":{"line":13,"column":8}},"line":6}},"branchMap":{},"s":{"0":2,"1":0,"2":2},"f":{"0":0},"b":{},"_coverageSchema":"332fd63041d2c1bcb487cc26dd0d5f7d97098a6c","hash":"2bb4ebc04a5e633c8f821fdb89ab15db4a5ecf61"}
,"/Users/justuskovats-wildenradt/hack-reactor/fec/airfec-reviews-justus/client/src/components/ratings.jsx": {"path":"/Users/justuskovats-wildenradt/hack-reactor/fec/airfec-reviews-justus/client/src/components/ratings.jsx","statementMap":{"0":{"start":{"line":5,"column":16},"end":{"line":56,"column":1}},"1":{"start":{"line":6,"column":2},"end":{"line":55,"column":8}},"2":{"start":{"line":58,"column":0},"end":{"line":60,"column":2}}},"fnMap":{"0":{"name":"(anonymous_0)","decl":{"start":{"line":5,"column":16},"end":{"line":5,"column":17}},"loc":{"start":{"line":6,"column":2},"end":{"line":55,"column":8}},"line":6}},"branchMap":{},"s":{"0":2,"1":1,"2":2},"f":{"0":1},"b":{},"_coverageSchema":"332fd63041d2c1bcb487cc26dd0d5f7d97098a6c","hash":"9b3d4d08e22051d80290c70c0785a707c0307938"}
,"/Users/justuskovats-wildenradt/hack-reactor/fec/airfec-reviews-justus/client/src/components/report.jsx": {"path":"/Users/justuskovats-wildenradt/hack-reactor/fec/airfec-reviews-justus/client/src/components/report.jsx","statementMap":{"0":{"start":{"line":5,"column":15},"end":{"line":25,"column":1}},"1":{"start":{"line":6,"column":2},"end":{"line":24,"column":10}},"2":{"start":{"line":9,"column":6},"end":{"line":22,"column":12}}},"fnMap":{"0":{"name":"(anonymous_0)","decl":{"start":{"line":5,"column":15},"end":{"line":5,"column":16}},"loc":{"start":{"line":6,"column":2},"end":{"line":24,"column":10}},"line":6},"1":{"name":"(anonymous_1)","decl":{"start":{"line":8,"column":5},"end":{"line":8,"column":6}},"loc":{"start":{"line":9,"column":6},"end":{"line":22,"column":12}},"line":9}},"branchMap":{},"s":{"0":2,"1":0,"2":0},"f":{"0":0,"1":0},"b":{},"_coverageSchema":"332fd63041d2c1bcb487cc26dd0d5f7d97098a6c","hash":"d0cea897e94dd0ad2e7063eacacf0463f24264a6"}
,"/Users/justuskovats-wildenradt/hack-reactor/fec/airfec-reviews-justus/client/src/components/reportThankyou.jsx": {"path":"/Users/justuskovats-wildenradt/hack-reactor/fec/airfec-reviews-justus/client/src/components/reportThankyou.jsx","statementMap":{"0":{"start":{"line":4,"column":23},"end":{"line":17,"column":1}},"1":{"start":{"line":5,"column":2},"end":{"line":16,"column":10}},"2":{"start":{"line":8,"column":6},"end":{"line":14,"column":12}}},"fnMap":{"0":{"name":"(anonymous_0)","decl":{"start":{"line":4,"column":23},"end":{"line":4,"column":24}},"loc":{"start":{"line":5,"column":2},"end":{"line":16,"column":10}},"line":5},"1":{"name":"(anonymous_1)","decl":{"start":{"line":7,"column":5},"end":{"line":7,"column":6}},"loc":{"start":{"line":8,"column":6},"end":{"line":14,"column":12}},"line":8}},"branchMap":{},"s":{"0":2,"1":0,"2":0},"f":{"0":0,"1":0},"b":{},"_coverageSchema":"332fd63041d2c1bcb487cc26dd0d5f7d97098a6c","hash":"2fd07eb88a364b8f5ab0ca904be4c26cd4beccd3"}
,"/Users/justuskovats-wildenradt/hack-reactor/fec/airfec-reviews-justus/client/src/components/review.jsx": {"path":"/Users/justuskovats-wildenradt/hack-reactor/fec/airfec-reviews-justus/client/src/components/review.jsx","statementMap":{"0":{"start":{"line":9,"column":18},"end":{"line":22,"column":5}},"1":{"start":{"line":25,"column":8},"end":{"line":25,"column":18}},"2":{"start":{"line":27,"column":17},"end":{"line":27,"column":39}},"3":{"start":{"line":28,"column":25},"end":{"line":28,"column":55}},"4":{"start":{"line":29,"column":25},"end":{"line":29,"column":105}},"5":{"start":{"line":31,"column":4},"end":{"line":45,"column":6}},"6":{"start":{"line":49,"column":0},"end":{"line":51,"column":2}}},"fnMap":{"0":{"name":"(anonymous_0)","decl":{"start":{"line":8,"column":2},"end":{"line":8,"column":3}},"loc":{"start":{"line":8,"column":11},"end":{"line":46,"column":3}},"line":8}},"branchMap":{"0":{"loc":{"start":{"line":29,"column":25},"end":{"line":29,"column":105}},"type":"cond-expr","locations":[{"start":{"line":29,"column":42},"end":{"line":29,"column":44}},{"start":{"line":29,"column":47},"end":{"line":29,"column":105}}],"line":29}},"s":{"0":0,"1":0,"2":0,"3":0,"4":0,"5":0,"6":2},"f":{"0":0},"b":{"0":[0,0]},"_coverageSchema":"332fd63041d2c1bcb487cc26dd0d5f7d97098a6c","hash":"434279bf3889cb3f2b192a3f69b03501d9e9ee6f"}
,"/Users/justuskovats-wildenradt/hack-reactor/fec/airfec-reviews-justus/client/src/components/reviewList.jsx": {"path":"/Users/justuskovats-wildenradt/hack-reactor/fec/airfec-reviews-justus/client/src/components/reviewList.jsx","statementMap":{"0":{"start":{"line":5,"column":19},"end":{"line":10,"column":1}},"1":{"start":{"line":6,"column":2},"end":{"line":9,"column":8}},"2":{"start":{"line":8,"column":6},"end":{"line":8,"column":48}},"3":{"start":{"line":12,"column":0},"end":{"line":14,"column":2}}},"fnMap":{"0":{"name":"(anonymous_0)","decl":{"start":{"line":5,"column":19},"end":{"line":5,"column":20}},"loc":{"start":{"line":6,"column":2},"end":{"line":9,"column":8}},"line":6},"1":{"name":"(anonymous_1)","decl":{"start":{"line":7,"column":17},"end":{"line":7,"column":18}},"loc":{"start":{"line":8,"column":6},"end":{"line":8,"column":48}},"line":8}},"branchMap":{},"s":{"0":2,"1":2,"2":3,"3":2},"f":{"0":2,"1":3},"b":{},"_coverageSchema":"332fd63041d2c1bcb487cc26dd0d5f7d97098a6c","hash":"48f641b64bbf89a6467e0b37f81caca04ff504f1"}
,"/Users/justuskovats-wildenradt/hack-reactor/fec/airfec-reviews-justus/client/src/components/reviewText.jsx": {"path":"/Users/justuskovats-wildenradt/hack-reactor/fec/airfec-reviews-justus/client/src/components/reviewText.jsx","statementMap":{"0":{"start":{"line":6,"column":4},"end":{"line":6,"column":17}},"1":{"start":{"line":7,"column":4},"end":{"line":10,"column":6}},"2":{"start":{"line":11,"column":4},"end":{"line":11,"column":67}},"3":{"start":{"line":15,"column":4},"end":{"line":15,"column":23}},"4":{"start":{"line":16,"column":4},"end":{"line":18,"column":7}},"5":{"start":{"line":22,"column":4},"end":{"line":26,"column":5}},"6":{"start":{"line":23,"column":6},"end":{"line":25,"column":8}},"7":{"start":{"line":27,"column":4},"end":{"line":29,"column":6}},"8":{"start":{"line":33,"column":0},"end":{"line":35,"column":2}}},"fnMap":{"0":{"name":"(anonymous_0)","decl":{"start":{"line":5,"column":2},"end":{"line":5,"column":3}},"loc":{"start":{"line":5,"column":21},"end":{"line":12,"column":3}},"line":5},"1":{"name":"(anonymous_1)","decl":{"start":{"line":14,"column":2},"end":{"line":14,"column":3}},"loc":{"start":{"line":14,"column":25},"end":{"line":19,"column":3}},"line":14},"2":{"name":"(anonymous_2)","decl":{"start":{"line":21,"column":2},"end":{"line":21,"column":3}},"loc":{"start":{"line":21,"column":11},"end":{"line":30,"column":3}},"line":21}},"branchMap":{"0":{"loc":{"start":{"line":22,"column":4},"end":{"line":26,"column":5}},"type":"if","locations":[{"start":{"line":22,"column":4},"end":{"line":26,"column":5}},{"start":{"line":22,"column":4},"end":{"line":26,"column":5}}],"line":22}},"s":{"0":0,"1":0,"2":0,"3":0,"4":0,"5":0,"6":0,"7":0,"8":2},"f":{"0":0,"1":0,"2":0},"b":{"0":[0,0]},"_coverageSchema":"332fd63041d2c1bcb487cc26dd0d5f7d97098a6c","hash":"0b905ce426b0a9ff9dacbff22ae7e186656e250a"}
,"/Users/justuskovats-wildenradt/hack-reactor/fec/airfec-reviews-justus/client/src/components/search.jsx": {"path":"/Users/justuskovats-wildenradt/hack-reactor/fec/airfec-reviews-justus/client/src/components/search.jsx","statementMap":{"0":{"start":{"line":5,"column":15},"end":{"line":26,"column":1}},"1":{"start":{"line":6,"column":2},"end":{"line":25,"column":8}},"2":{"start":{"line":28,"column":0},"end":{"line":33,"column":2}},"3":{"start":{"line":35,"column":0},"end":{"line":38,"column":2}}},"fnMap":{"0":{"name":"(anonymous_0)","decl":{"start":{"line":5,"column":15},"end":{"line":5,"column":16}},"loc":{"start":{"line":6,"column":2},"end":{"line":25,"column":8}},"line":6}},"branchMap":{},"s":{"0":1,"1":0,"2":1,"3":1},"f":{"0":0},"b":{},"_coverageSchema":"332fd63041d2c1bcb487cc26dd0d5f7d97098a6c","hash":"4b9fb9b7b0d78cc845204e36484a4cd6b3f8bf1c"}
}
