TN:
SF:/Users/justuskovats-wildenradt/hack-reactor/fec/airfec-reviews-justus/client/spec/setup.js
FNF:0
FNH:0
DA:4,9
LF:1
LH:1
BRF:0
BRH:0
end_of_record
TN:
SF:/Users/justuskovats-wildenradt/hack-reactor/fec/airfec-reviews-justus/client/src/components/app.jsx
FN:12,(anonymous_0)
FN:13,(anonymous_1)
FN:20,(anonymous_2)
FN:36,(anonymous_3)
FN:40,(anonymous_4)
FN:50,(anonymous_5)
FN:72,(anonymous_6)
FN:76,(anonymous_7)
FN:78,(anonymous_8)
FN:81,(anonymous_9)
FN:84,(anonymous_10)
FN:85,(anonymous_11)
FN:90,(anonymous_12)
FN:91,(anonymous_13)
FN:95,(anonymous_14)
FN:108,(anonymous_15)
FN:112,(anonymous_16)
FN:118,(anonymous_17)
FN:129,(anonymous_18)
FN:135,(anonymous_19)
FN:138,(anonymous_20)
FN:146,(anonymous_21)
FN:157,(anonymous_22)
FN:165,(anonymous_23)
FN:171,(anonymous_24)
FN:177,(anonymous_25)
FN:183,(anonymous_26)
FNF:27
FNH:14
FNDA:1,(anonymous_0)
FNDA:1,(anonymous_1)
FNDA:1,(anonymous_2)
FNDA:1,(anonymous_3)
FNDA:2,(anonymous_4)
FNDA:10,(anonymous_5)
FNDA:10,(anonymous_6)
FNDA:10,(anonymous_7)
FNDA:0,(anonymous_8)
FNDA:10,(anonymous_9)
FNDA:1,(anonymous_10)
FNDA:2,(anonymous_11)
FNDA:11,(anonymous_12)
FNDA:0,(anonymous_13)
FNDA:0,(anonymous_14)
FNDA:0,(anonymous_15)
FNDA:1,(anonymous_16)
FNDA:0,(anonymous_17)
FNDA:0,(anonymous_18)
FNDA:0,(anonymous_19)
FNDA:0,(anonymous_20)
FNDA:0,(anonymous_21)
FNDA:0,(anonymous_22)
FNDA:0,(anonymous_23)
FNDA:0,(anonymous_24)
FNDA:0,(anonymous_25)
FNDA:11,(anonymous_26)
DA:13,1
DA:14,1
DA:15,1
DA:16,1
DA:21,1
DA:22,1
DA:23,1
DA:24,5
DA:25,3
DA:26,2
DA:27,0
DA:29,2
DA:31,5
DA:33,1
DA:37,1
DA:41,2
DA:42,1
DA:44,1
DA:51,10
DA:52,10
DA:62,10
DA:63,10
DA:64,10
DA:65,10
DA:66,10
DA:67,10
DA:68,10
DA:69,10
DA:73,10
DA:77,10
DA:79,0
DA:81,10
DA:85,2
DA:86,1
DA:87,1
DA:91,11
DA:92,11
DA:96,0
DA:104,0
DA:105,0
DA:108,0
DA:113,1
DA:119,0
DA:120,0
DA:121,0
DA:130,0
DA:136,0
DA:137,0
DA:138,0
DA:139,0
DA:140,0
DA:141,0
DA:142,0
DA:143,0
DA:145,0
DA:147,0
DA:148,0
DA:149,0
DA:150,0
DA:152,0
DA:158,0
DA:166,0
DA:172,0
DA:178,0
DA:184,11
DA:196,11
LF:66
LH:38
BRDA:16,0,0,1
BRDA:16,0,1,0
BRDA:16,0,2,0
BRDA:24,1,0,3
BRDA:24,1,1,2
BRDA:26,2,0,0
BRDA:26,2,1,2
BRDA:26,3,0,2
BRDA:26,3,1,2
BRDA:41,4,0,1
BRDA:41,4,1,1
BRDA:119,5,0,0
BRDA:119,5,1,0
BRDA:142,6,0,0
BRDA:142,6,1,0
BRDA:184,7,0,0
BRDA:184,7,1,11
BRF:17
BRH:9
end_of_record
TN:
SF:/Users/justuskovats-wildenradt/hack-reactor/fec/airfec-reviews-justus/client/src/components/backToAllReviews.jsx
FN:5,(anonymous_0)
FNF:1
FNH:1
FNDA:1,(anonymous_0)
DA:5,2
DA:6,1
DA:27,2
LF:3
LH:3
BRF:0
BRH:0
end_of_record
TN:
SF:/Users/justuskovats-wildenradt/hack-reactor/fec/airfec-reviews-justus/client/src/components/hostResponse.jsx
FN:7,(anonymous_0)
FNF:1
FNH:1
FNDA:1,(anonymous_0)
DA:7,3
DA:14,1
DA:15,1
DA:43,3
LF:4
LH:4
BRDA:14,0,0,1
BRDA:14,0,1,0
BRF:2
BRH:1
end_of_record
TN:
SF:/Users/justuskovats-wildenradt/hack-reactor/fec/airfec-reviews-justus/client/src/components/pages.jsx
FN:7,(anonymous_0)
FN:14,(anonymous_1)
FN:30,(anonymous_2)
FN:46,(anonymous_3)
FN:59,(anonymous_4)
FN:72,(anonymous_5)
FN:89,(anonymous_6)
FN:95,(anonymous_7)
FN:102,(anonymous_8)
FN:126,(anonymous_9)
FN:135,(anonymous_10)
FNF:11
FNH:10
FNDA:0,(anonymous_0)
FNDA:5,(anonymous_1)
FNDA:5,(anonymous_2)
FNDA:7,(anonymous_3)
FNDA:7,(anonymous_4)
FNDA:6,(anonymous_5)
FNDA:7,(anonymous_6)
FNDA:7,(anonymous_7)
FNDA:5,(anonymous_8)
FNDA:5,(anonymous_9)
FNDA:10,(anonymous_10)
DA:8,0
DA:9,0
DA:15,5
DA:16,5
DA:17,1
DA:19,5
DA:31,5
DA:32,5
DA:33,0
DA:35,5
DA:47,7
DA:48,3
DA:56,4
DA:60,7
DA:61,5
DA:69,2
DA:73,6
DA:74,6
DA:75,6
DA:76,6
DA:78,6
DA:79,6
DA:80,13
DA:81,13
DA:82,2
DA:84,13
DA:86,6
DA:90,7
DA:91,3
DA:93,4
DA:96,7
DA:97,4
DA:99,3
DA:103,5
DA:104,5
DA:105,0
DA:106,5
DA:107,2
DA:108,3
DA:109,0
DA:110,3
DA:111,0
DA:112,3
DA:113,0
DA:114,3
DA:115,0
DA:116,3
DA:117,0
DA:118,3
DA:119,0
DA:120,3
DA:121,3
DA:123,0
DA:127,5
DA:128,5
DA:135,10
DA:144,0
DA:148,2
LF:58
LH:46
BRDA:8,0,0,0
BRDA:8,0,1,0
BRDA:16,1,0,1
BRDA:16,1,1,4
BRDA:32,2,0,0
BRDA:32,2,1,5
BRDA:47,3,0,3
BRDA:47,3,1,4
BRDA:60,4,0,5
BRDA:60,4,1,2
BRDA:75,5,0,6
BRDA:75,5,1,0
BRDA:78,6,0,6
BRDA:78,6,1,0
BRDA:81,7,0,2
BRDA:81,7,1,11
BRDA:90,8,0,3
BRDA:90,8,1,4
BRDA:90,9,0,7
BRDA:90,9,1,3
BRDA:96,10,0,4
BRDA:96,10,1,3
BRDA:96,11,0,7
BRDA:96,11,1,4
BRDA:104,12,0,0
BRDA:104,12,1,5
BRDA:106,13,0,2
BRDA:106,13,1,3
BRDA:108,14,0,0
BRDA:108,14,1,3
BRDA:110,15,0,0
BRDA:110,15,1,3
BRDA:112,16,0,0
BRDA:112,16,1,3
BRDA:112,17,0,3
BRDA:112,17,1,3
BRDA:114,18,0,0
BRDA:114,18,1,3
BRDA:116,19,0,0
BRDA:116,19,1,3
BRDA:118,20,0,0
BRDA:118,20,1,3
BRDA:118,21,0,3
BRDA:118,21,1,0
BRDA:120,22,0,3
BRDA:120,22,1,0
BRDA:127,23,0,5
BRDA:127,23,1,0
BRF:48
BRH:33
end_of_record
TN:
SF:/Users/justuskovats-wildenradt/hack-reactor/fec/airfec-reviews-justus/client/src/components/rating.jsx
FN:5,(anonymous_0)
FN:10,(anonymous_1)
FNF:2
FNH:2
FNDA:8,(anonymous_0)
FNDA:38,(anonymous_1)
DA:5,3
DA:6,8
DA:10,38
DA:17,3
LF:4
LH:4
BRF:0
BRH:0
end_of_record
TN:
SF:/Users/justuskovats-wildenradt/hack-reactor/fec/airfec-reviews-justus/client/src/components/ratingsList.jsx
FN:6,(anonymous_0)
FN:21,(anonymous_1)
FN:30,(anonymous_2)
FNF:3
FNH:3
FNDA:1,(anonymous_0)
FNDA:3,(anonymous_1)
FNDA:3,(anonymous_2)
DA:6,2
DA:7,1
DA:12,1
DA:17,1
DA:22,3
DA:31,3
DA:43,2
LF:7
LH:7
BRF:0
BRH:0
end_of_record
TN:
SF:/Users/justuskovats-wildenradt/hack-reactor/fec/airfec-reviews-justus/client/src/components/report.jsx
FN:6,(anonymous_0)
FNF:1
FNH:1
FNDA:1,(anonymous_0)
DA:6,3
DA:14,1
DA:15,1
DA:16,1
DA:17,1
DA:86,3
LF:6
LH:6
BRDA:14,0,0,0
BRDA:14,0,1,1
BRDA:15,1,0,0
BRDA:15,1,1,1
BRDA:16,2,0,0
BRDA:16,2,1,1
BRF:6
BRH:3
end_of_record
TN:
SF:/Users/justuskovats-wildenradt/hack-reactor/fec/airfec-reviews-justus/client/src/components/reportThankyou.jsx
FN:6,(anonymous_0)
FNF:1
FNH:1
FNDA:1,(anonymous_0)
DA:6,3
DA:10,1
DA:31,3
LF:3
LH:3
BRF:0
BRH:0
end_of_record
TN:
SF:/Users/justuskovats-wildenradt/hack-reactor/fec/airfec-reviews-justus/client/src/components/review.jsx
FN:11,(anonymous_0)
FN:16,(anonymous_1)
FN:44,(anonymous_2)
FN:61,(anonymous_3)
FN:65,(anonymous_4)
FN:69,(anonymous_5)
FN:73,(anonymous_6)
FN:81,(anonymous_7)
FN:91,(anonymous_8)
FN:98,(anonymous_9)
FN:106,(anonymous_10)
FN:114,(anonymous_11)
FN:120,(anonymous_12)
FNF:13
FNH:8
FNDA:12,(anonymous_0)
FNDA:3,(anonymous_1)
FNDA:4,(anonymous_2)
FNDA:4,(anonymous_3)
FNDA:0,(anonymous_4)
FNDA:3,(anonymous_5)
FNDA:1,(anonymous_6)
FNDA:0,(anonymous_7)
FNDA:1,(anonymous_8)
FNDA:0,(anonymous_9)
FNDA:0,(anonymous_10)
FNDA:0,(anonymous_11)
FNDA:6,(anonymous_12)
DA:12,12
DA:13,1
DA:14,1
DA:15,1
DA:16,1
DA:17,3
DA:18,2
DA:19,2
DA:20,269
DA:21,269
DA:22,269
DA:23,0
DA:24,0
DA:25,0
DA:28,2
DA:29,1
DA:30,1
DA:33,1
DA:34,0
DA:36,1
DA:38,11
DA:39,7
DA:41,4
DA:45,4
DA:46,4
DA:53,4
DA:54,4
DA:55,4
DA:56,4
DA:57,4
DA:58,4
DA:59,4
DA:62,4
DA:66,0
DA:70,3
DA:74,1
DA:78,1
DA:82,0
DA:88,0
DA:92,1
DA:95,1
DA:99,0
DA:100,0
DA:101,0
DA:103,0
DA:107,0
DA:111,0
DA:115,0
DA:123,6
DA:125,6
DA:139,6
DA:140,6
DA:142,6
DA:152,6
DA:156,6
DA:167,6
DA:174,6
DA:218,3
LF:58
LH:44
BRDA:12,0,0,1
BRDA:12,0,1,11
BRDA:17,1,0,2
BRDA:17,1,1,1
BRDA:22,2,0,0
BRDA:22,2,1,269
BRDA:29,3,0,1
BRDA:29,3,1,0
BRDA:33,4,0,0
BRDA:33,4,1,1
BRDA:38,5,0,7
BRDA:38,5,1,4
BRDA:99,6,0,0
BRDA:99,6,1,0
BRDA:99,7,0,0
BRDA:99,7,1,0
BRDA:142,8,0,1
BRDA:142,8,1,5
BRDA:152,9,0,3
BRDA:152,9,1,3
BRDA:156,10,0,1
BRDA:156,10,1,5
BRDA:167,11,0,1
BRDA:167,11,1,5
BRF:24
BRH:17
end_of_record
TN:
SF:/Users/justuskovats-wildenradt/hack-reactor/fec/airfec-reviews-justus/client/src/components/reviewList.jsx
FN:5,(anonymous_0)
FN:7,(anonymous_1)
FNF:2
FNH:2
FNDA:1,(anonymous_0)
FNDA:2,(anonymous_1)
DA:5,2
DA:6,1
DA:8,2
DA:15,2
LF:4
LH:4
BRF:0
BRH:0
end_of_record
TN:
SF:/Users/justuskovats-wildenradt/hack-reactor/fec/airfec-reviews-justus/client/src/components/reviewText.jsx
FN:5,(anonymous_0)
FNF:1
FNH:1
FNDA:7,(anonymous_0)
DA:5,3
DA:11,7
DA:12,3
DA:18,4
DA:25,3
LF:5
LH:5
BRDA:11,0,0,3
BRDA:11,0,1,4
BRDA:11,1,0,7
BRDA:11,1,1,3
BRF:4
BRH:4
end_of_record
TN:
SF:/Users/justuskovats-wildenradt/hack-reactor/fec/airfec-reviews-justus/client/src/components/search.jsx
FN:6,(anonymous_0)
FN:26,(anonymous_1)
FNF:2
FNH:2
FNDA:1,(anonymous_0)
FNDA:5,(anonymous_1)
DA:6,2
DA:15,1
DA:19,1
DA:26,5
DA:56,2
LF:5
LH:5
BRDA:15,0,0,1
BRDA:15,0,1,0
BRF:2
BRH:1
end_of_record
TN:
SF:/Users/justuskovats-wildenradt/hack-reactor/fec/airfec-reviews-justus/client/src/components/svg.jsx
FNF:0
FNH:0
DA:4,5
LF:1
LH:1
BRF:0
BRH:0
end_of_record
